#
# There is insufficient memory for the Java Runtime Environment to continue.
# Native memory allocation (malloc) failed to allocate 1048576 bytes for AllocateHeap
# Possible reasons:
#   The system is out of physical RAM or swap space
#   The process is running with CompressedOops enabled, and the Java Heap may be blocking the growth of the native heap
# Possible solutions:
#   Reduce memory load on the system
#   Increase physical memory or swap space
#   Check if swap backing store is full
#   Decrease Java heap size (-Xmx/-Xms)
#   Decrease number of Java threads
#   Decrease Java thread stack sizes (-Xss)
#   Set larger code cache with -XX:ReservedCodeCacheSize=
#   JVM is running with Unscaled Compressed Oops mode in which the Java heap is
#     placed in the first 4GB address space. The Java Heap base address is the
#     maximum limit for the native heap growth. Please use -XX:HeapBaseMinAddress
#     to set the Java Heap base and to place the Java Heap above 4GB virtual address.
# This output file may be truncated or incomplete.
#
#  Out of Memory Error (allocation.cpp:44), pid=7336, tid=1392
#
# JRE version: OpenJDK Runtime Environment Temurin-20.0.1+9 (20.0.1+9) (build 20.0.1+9)
# Java VM: OpenJDK 64-Bit Server VM Temurin-20.0.1+9 (20.0.1+9, mixed mode, tiered, compressed oops, compressed class ptrs, g1 gc, windows-amd64)
# No core dump will be written. Minidumps are not enabled by default on client versions of Windows
#

---------------  S U M M A R Y ------------

Command Line: -Dfile.encoding=UTF-8 -XX:+ShowCodeDetailsInExceptionMessages fr.hb.asl.calendrier_gif.CalendrierGifApplication

Host: AMD Ryzen 5 3500U with Radeon Vega Mobile Gfx  , 8 cores, 6G,  Windows 10 , 64 bit Build 19041 (10.0.19041.3155)
Time: Wed Sep 13 23:26:06 2023 Paris, Madrid (heure duild 19041 (10.0.19041.3155) elapsed time: 8437.324241 seconds (0d 2h 20m 37s)

---------------  T H R E A D  ---------------

Current thread (0x000001fb32c1e4f0):  VMThread "VM Thread" [stack: 0x000000f172f00000,0x000000f173000000] [id=1392]

Stack: [0x000000f172f00000,0x000000f173000000]
Native frames: (J=compiled Java code, j=interpreted, Vv=VM code, C=native code)
V  [jvm.dll+0x6c44aa]
V  [jvm.dll+0x8a27fc]
V  [jvm.dll+0x8a4405]
V  [jvm.dll+0x8a4b03]
V  [jvm.dll+0x284a4f]
V  [jvm.dll+0xbea45]
V  [jvm.dll+0x34f48f]
V  [jvm.dll+0x34a24e]
V  [jvm.dll+0x330de0]
V  [jvm.dll+0x377957]
V  [jvm.dll+0x8aa0be]
V  [jvm.dll+0x8ab1d1]
V  [jvm.dll+0x8ab6d9]
V  [jvm.dll+0x8ab943]
V  [jvm.dll+0x84e976]
V  [jvm.dll+0x6c310b]
C  [ucrtbase.dll+0x21bb2]
C  [KERNEL32.DLL+0x17614]
C  [ntdll.dll+0x526b1]

VM_Operation (0x000000f1727ff260): G1CollectFull, mode: safepoint, requested by thread 0x000001fb385b3650


---------------  P R O C E S S  ---------------

Threads class SMR info:
_java_thread_list=0x000001fb37078660, length=17, elements={
0x000001fb32c65430, 0x000001fb32c661d0, 0x000001fb32c69a80, 0x000001fb32c6b3d0,
0x000001fb32c6c4b0, 0x000001fb32c768a0, 0x000001fb32c778c0, 0x000001fb32c7ba10,
0x000001fb32f18630, 0x000001fb32d94680, 0x000001fb399ec7f0, 0x000001fb399e8830,
0x000001fb399e92d0, 0x000001fb399ec2a0, 0x000001fb399ecd40, 0x000001fb385b7b60,
0x000001fb385b3650
}

Java Threads: ( => current thread )
  0x000001fb32c65430 JavaThread "Reference Handler" daemon [_thread_blocked, id=11660, stack(0x000000f173000000,0x000000f173100000)]
  0x000001fb32c661d0 JavaThread "Finalizer" daemon [_thread_blocked, id=12392, stack(0x000000f173100000,0x000000f173200000)]
  0x000001fb32c69a80 JavaThread "Signal Dispatcher" daemon [_thread_blocked, id=19360, stack(0x000000f173200000,0x000000f173300000)]
  0x000001fb32c6b3d0 JavaThread "Attach Listener" daemon [_thread_blocked, id=1492, stack(0x000000f173300000,0x000000f173400000)]
  0x000001fb32c6c4b0 JavaThread "Service Thread" daemon [_thread_blocked, id=24872, stack(0x000000f173400000,0x000000f173500000)]
  0x000001fb32c768a0 JavaThread "Monitor Deflation Thread" daemon [_thread_blocked, id=21248, stack(0x000000f173500000,0x000000f173600000)]
  0x000001fb32c778c0 JavaThread "C2 CompilerThread0" daemon [_thread_blocked, id=3280, stack(0x000000f173600000,0x000000f173700000)]
  0x000001fb32c7ba10 JavaThread "C1 CompilerThread0" daemon [_thread_blocked, id=20024, stack(0x000000f173700000,0x000000f173800000)]
  0x000001fb32f18630 JavaThread "Notification Thread" daemon [_thread_blocked, id=9820, stack(0x000000f173800000,0x000000f173900000)]
  0x000001fb32d94680 JavaThread "Common-Cleaner" daemon [_thread_blocked, id=25332, stack(0x000000f173a00000,0x000000f173b00000)]
  0x000001fb399ec7f0 JavaThread "Live Reload Server" daemon [_thread_in_native, id=13580, stack(0x000000f174c00000,0x000000f174d00000)]
  0x000001fb399e8830 JavaThread "DestroyJavaVM" [_thread_blocked, id=13484, stack(0x000000f172900000,0x000000f172a00000)]
  0x000001fb399e92d0 JavaThread "File Watcher" daemon [_thread_blocked, id=5064, stack(0x000000f174100000,0x000000f174200000)]
  0x000001fb399ec2a0 JavaThread "File Watcher" daemon [_thread_blocked, id=7980, stack(0x000000f172600000,0x000000f172700000)]
  0x000001fb399ecd40 JavaThread "File Watcher" daemon [_thread_blocked, id=2476, stack(0x000000f174400000,0x000000f174500000)]
  0x000001fb385b7b60 JavaThread "File Watcher" daemon [_thread_blocked, id=25472, stack(0x000000f174200000,0x000000f174300000)]
  0x000001fb385b3650 JavaThread "Thread-37" [_thread_blocked, id=17616, stack(0x000000f172700000,0x000000f172800000)]

Other Threads:
=>0x000001fb32c1e4f0 VMThread "VM Thread" [stack: 0x000000f172f00000,0x000000f173000000] [id=1392]
  0x000001fb32f1b330 WatcherThread "VM Periodic Task Thread" [stack: 0x000000f173900000,0x000000f173a00000] [id=21324]
  0x000001fb16eb4b30 WorkerThread "GC Thread#0" [stack: 0x000000f172a00000,0x000000f172b00000] [id=24712]
  0x000001fb338c7600 WorkerThread "GC Thread#1" [stack: 0x000000f173b00000,0x000000f173c00000] [id=2348]
  0x000001fb338c86e0 WorkerThread "GC Thread#2" [stack: 0x000000f173c00000,0x000000f173d00000] [id=22084]
  0x000001fb338c89b0 WorkerThread "GC Thread#3" [stack: 0x000000f173d00000,0x000000f173e00000] [id=23524]
  0x000001fb338c78d0 WorkerThread "GC Thread#4" [stack: 0x000000f173e00000,0x000000f173f00000] [id=13036]
  0x000001fb338c7ba0 WorkerThread "GC Thread#5" [stack: 0x000000f173f00000,0x000000f174000000] [id=1696]
  0x000001fb338c8410 WorkerThread "GC Thread#6" [stack: 0x000000f174000000,0x000000f174100000] [id=20780]
  0x000001fb338c7060 WorkerThread "GC Thread#7" [stack: 0x000000f174600000,0x000000f174700000] [id=15048]
  0x000001fb16ee0910 ConcurrentGCThread "G1 Main Marker" [stack: 0x000000f172b00000,0x000000f172c00000] [id=9560]
  0x000001fb16ee1250 WorkerThread "G1 Conc#0" [stack: 0x000000f172c00000,0x000000f172d00000] [id=9220]
  0x000001fb338c7330 WorkerThread "G1 Conc#1" [stack: 0x000000f174700000,0x000000f174800000] [id=14840]
  0x000001fb2ea2e3b0 ConcurrentGCThread "G1 Refine#0" [stack: 0x000000f172d00000,0x000000f172e00000] [id=19952]
  0x000001fb2ea30b10 ConcurrentGCThread "G1 Service" [stack: 0x000000f172e00000,0x000000f172f00000] [id=20032]

Threads with active compile tasks:
C2 CompilerThread0  8437369 32062       4       org.springframework.util.ConcurrentReferenceHashMap$Segment::createReferenceArray (5 bytes)

VM state: at safepoint (normal execution)

VM Mutex/Monitor currently owned by a thread:  ([mutex/lock_event])
[0x000001fb16e55c60] Threads_lock - owner thread: 0x000001fb32c1e4f0
[0x000001fb16e56290] Heap_lock - owner thread: 0x000001fb385b3650

Heap address: 0x0000000091000000, size: 1776 MB, Compressed Oops mode: 32-bit

CDS archive(s) not mapped
Compressed class space mapped at: 0x0000000100000000-0x0000000140000000, reserved size: 1073741824
Narrow klass base: 0x0000000000000000, Narrow klass shift: 3, Narrow klass range: 0x140000000

GC Precious Log:
 CardTable entry size: 512
 Card Set container configuration: InlinePtr #cards 5 size 8 Array Of Cards #cards 12 size 40 Howl #buckets 4 coarsen threshold 1843 Howl Bitmap #cards 512 size 80 coarsen threshold 460 Card regions per heap region 1 cards per card region 2048
 CPUs: 8 total, 8 available
 Memory: 7103M
 Large Page Support: Disabled
 NUMA Support: Disabled
 Compressed Oops: Enabled (32-bit)
 Heap Region Size: 1M
 Heap Min Capacity: 8M
 Heap Initial Capacity: 112M
 Heap Max Capacity: 1776M
 Pre-touch: Disabled
 Parallel Workers: 8
 Concurrent Workers: 2
 Concurrent Refinement Workers: 8
 Periodic GC: Disabled

Heap:
 garbage-first heap   total 219136K, used 175866K [0x0000000091000000, 0x0000000100000000)
  region size 1024K, 109 young (111616K), 1 survivors (1024K)
 Metaspace       used 109292K, committed 111424K, reserved 1179648K
  class space    used 12410K, committed 13312K, reserved 1048576K

Heap Regions: E=young(eden), S=young(survivor), O=old, HS=humongous(starts), HC=humongous(continues), CS=collection set, F=free, OA=open archive, CA=closed archive, TAMS=top-at-mark-start, PB=parsable bottom
|   0|0x0000000091000000, 0x0000000091100000, 0x0000000091100000|100%|HS|  |TAMS 0x0000000091000000| PB 0x0000000091000000| Complete 
|   1|0x0000000091100000, 0x0000000091200000, 0x0000000091200000|100%| O|  |TAMS 0x0000000091100000| PB 0x0000000091100000| Untracked 
|   2|0x0000000091200000, 0x00000000912fffd0, 0x0000000091300000| 99%| O|  |TAMS 0x0000000091200000| PB 0x0000000091200000| Untracked 
|   3|0x0000000091300000, 0x0000000091400000, 0x0000000091400000|100%| O|  |TAMS 0x0000000091300000| PB 0x0000000091300000| Untracked 
|   4|0x0000000091400000, 0x00000000914fffe8, 0x0000000091500000| 99%| O|  |TAMS 0x0000000091400000| PB 0x0000000091400000| Untracked 
|   5|0x0000000091500000, 0x0000000091600000, 0x0000000091600000|100%| O|  |TAMS 0x0000000091500000| PB 0x0000000091500000| Untracked 
|   6|0x0000000091600000, 0x00000000916fffb8, 0x0000000091700000| 99%| O|  |TAMS 0x0000000091600000| PB 0x0000000091600000| Untracked 
|   7|0x0000000091700000, 0x00000000917fffe8, 0x0000000091800000| 99%| O|  |TAMS 0x0000000091700000| PB 0x0000000091700000| Untracked 
|   8|0x0000000091800000, 0x00000000918fffd8, 0x0000000091900000| 99%| O|  |TAMS 0x0000000091800000| PB 0x0000000091800000| Untracked 
|   9|0x0000000091900000, 0x0000000091a00000, 0x0000000091a00000|100%| O|  |TAMS 0x0000000091900000| PB 0x0000000091900000| Untracked 
|  10|0x0000000091a00000, 0x0000000091affff0, 0x0000000091b00000| 99%| O|  |TAMS 0x0000000091a00000| PB 0x0000000091a00000| Untracked 
|  11|0x0000000091b00000, 0x0000000091bfffd0, 0x0000000091c00000| 99%| O|  |TAMS 0x0000000091b00000| PB 0x0000000091b00000| Untracked 
|  12|0x0000000091c00000, 0x0000000091cfffd8, 0x0000000091d00000| 99%| O|  |TAMS 0x0000000091c00000| PB 0x0000000091c00000| Untracked 
|  13|0x0000000091d00000, 0x0000000091dfffe0, 0x0000000091e00000| 99%| O|  |TAMS 0x0000000091d00000| PB 0x0000000091d00000| Untracked 
|  14|0x0000000091e00000, 0x0000000091f00000, 0x0000000091f00000|100%| O|  |TAMS 0x0000000091e00000| PB 0x0000000091e00000| Untracked 
|  15|0x0000000091f00000, 0x0000000091fffff8, 0x0000000092000000| 99%| O|  |TAMS 0x0000000091f00000| PB 0x0000000091f00000| Untracked 
|  16|0x0000000092000000, 0x00000000920fffd0, 0x0000000092100000| 99%| O|  |TAMS 0x0000000092000000| PB 0x0000000092000000| Untracked 
|  17|0x0000000092100000, 0x00000000921fffd0, 0x0000000092200000| 99%| O|  |TAMS 0x0000000092100000| PB 0x0000000092100000| Untracked 
|  18|0x0000000092200000, 0x00000000922fffc8, 0x0000000092300000| 99%| O|  |TAMS 0x0000000092200000| PB 0x0000000092200000| Untracked 
|  19|0x0000000092300000, 0x0000000092400000, 0x0000000092400000|100%| O|  |TAMS 0x0000000092300000| PB 0x0000000092300000| Untracked 
|  20|0x0000000092400000, 0x00000000924fffb8, 0x0000000092500000| 99%| O|  |TAMS 0x0000000092400000| PB 0x0000000092400000| Untracked 
|  21|0x0000000092500000, 0x00000000925ffff8, 0x0000000092600000| 99%| O|  |TAMS 0x0000000092500000| PB 0x0000000092500000| Untracked 
|  22|0x0000000092600000, 0x00000000926ffff0, 0x0000000092700000| 99%| O|  |TAMS 0x0000000092600000| PB 0x0000000092600000| Untracked 
|  23|0x0000000092700000, 0x00000000927fffe0, 0x0000000092800000| 99%| O|  |TAMS 0x0000000092700000| PB 0x0000000092700000| Untracked 
|  24|0x0000000092800000, 0x00000000928f4ed0, 0x0000000092900000| 95%| O|  |TAMS 0x0000000092800000| PB 0x0000000092800000| Untracked 
|  25|0x0000000092900000, 0x0000000092a00000, 0x0000000092a00000|100%| O|  |TAMS 0x0000000092900000| PB 0x0000000092900000| Untracked 
|  26|0x0000000092a00000, 0x0000000092afffd8, 0x0000000092b00000| 99%| O|  |TAMS 0x0000000092a00000| PB 0x0000000092a00000| Untracked 
|  27|0x0000000092b00000, 0x0000000092bffff8, 0x0000000092c00000| 99%| O|  |TAMS 0x0000000092b00000| PB 0x0000000092b00000| Untracked 
|  28|0x0000000092c00000, 0x0000000092cffff0, 0x0000000092d00000| 99%| O|  |TAMS 0x0000000092c00000| PB 0x0000000092c00000| Untracked 
|  29|0x0000000092d00000, 0x0000000092dfffd8, 0x0000000092e00000| 99%| O|  |TAMS 0x0000000092d00000| PB 0x0000000092d00000| Untracked 
|  30|0x0000000092e00000, 0x0000000092f00000, 0x0000000092f00000|100%| O|  |TAMS 0x0000000092e00000| PB 0x0000000092e00000| Untracked 
|  31|0x0000000092f00000, 0x0000000092fffff0, 0x0000000093000000| 99%| O|  |TAMS 0x0000000092f00000| PB 0x0000000092f00000| Untracked 
|  32|0x0000000093000000, 0x0000000093100000, 0x0000000093100000|100%| O|  |TAMS 0x0000000093000000| PB 0x0000000093000000| Untracked 
|  33|0x0000000093100000, 0x0000000093200000, 0x0000000093200000|100%| O|  |TAMS 0x0000000093100000| PB 0x0000000093100000| Untracked 
|  34|0x0000000093200000, 0x00000000932fffd0, 0x0000000093300000| 99%| O|  |TAMS 0x0000000093200000| PB 0x0000000093200000| Untracked 
|  35|0x0000000093300000, 0x00000000933fffc0, 0x0000000093400000| 99%| O|  |TAMS 0x0000000093300000| PB 0x0000000093300000| Untracked 
|  36|0x0000000093400000, 0x00000000934ffff8, 0x0000000093500000| 99%| O|  |TAMS 0x0000000093400000| PB 0x0000000093400000| Untracked 
|  37|0x0000000093500000, 0x00000000935ffff0, 0x0000000093600000| 99%| O|  |TAMS 0x0000000093500000| PB 0x0000000093500000| Untracked 
|  38|0x0000000093600000, 0x00000000936fffa0, 0x0000000093700000| 99%| O|  |TAMS 0x0000000093600000| PB 0x0000000093600000| Untracked 
|  39|0x0000000093700000, 0x0000000093800000, 0x0000000093800000|100%| O|  |TAMS 0x0000000093700000| PB 0x0000000093700000| Untracked 
|  40|0x0000000093800000, 0x00000000938fffd0, 0x0000000093900000| 99%| O|  |TAMS 0x0000000093800000| PB 0x0000000093800000| Untracked 
|  41|0x0000000093900000, 0x0000000093a00000, 0x0000000093a00000|100%| O|  |TAMS 0x0000000093900000| PB 0x0000000093900000| Untracked 
|  42|0x0000000093a00000, 0x0000000093b00000, 0x0000000093b00000|100%| O|  |TAMS 0x0000000093a00000| PB 0x0000000093a00000| Untracked 
|  43|0x0000000093b00000, 0x0000000093c00000, 0x0000000093c00000|100%| O|  |TAMS 0x0000000093b00000| PB 0x0000000093b00000| Untracked 
|  44|0x0000000093c00000, 0x0000000093d00000, 0x0000000093d00000|100%| O|  |TAMS 0x0000000093c00000| PB 0x0000000093c00000| Untracked 
|  45|0x0000000093d00000, 0x0000000093dfffe8, 0x0000000093e00000| 99%| O|  |TAMS 0x0000000093d00000| PB 0x0000000093d00000| Complete 
|  46|0x0000000093e00000, 0x0000000093f00000, 0x0000000093f00000|100%| O|  |TAMS 0x0000000093e00000| PB 0x0000000093e00000| Untracked 
|  47|0x0000000093f00000, 0x0000000094000000, 0x0000000094000000|100%| O|  |TAMS 0x0000000093f00000| PB 0x0000000093f00000| Untracked 
|  48|0x0000000094000000, 0x0000000094100000, 0x0000000094100000|100%| O|  |TAMS 0x0000000094000000| PB 0x0000000094000000| Untracked 
|  49|0x0000000094100000, 0x0000000094152000, 0x0000000094200000| 32%| O|  |TAMS 0x0000000094100000| PB 0x0000000094100000| Untracked 
|  50|0x0000000094200000, 0x0000000094300000, 0x0000000094300000|100%| O|  |TAMS 0x0000000094200000| PB 0x0000000094200000| Untracked 
|  51|0x0000000094300000, 0x00000000943ffff8, 0x0000000094400000| 99%| O|  |TAMS 0x0000000094300000| PB 0x0000000094300000| Complete 
|  52|0x0000000094400000, 0x0000000094400000, 0x0000000094500000|  0%| F|  |TAMS 0x0000000094400000| PB 0x0000000094400000| Untracked 
|  53|0x0000000094500000, 0x0000000094500000, 0x0000000094600000|  0%| F|  |TAMS 0x0000000094500000| PB 0x0000000094500000| Untracked 
|  54|0x0000000094600000, 0x0000000094600000, 0x0000000094700000|  0%| F|  |TAMS 0x0000000094600000| PB 0x0000000094600000| Untracked 
|  55|0x0000000094700000, 0x0000000094700000, 0x0000000094800000|  0%| F|  |TAMS 0x0000000094700000| PB 0x0000000094700000| Untracked 
|  56|0x0000000094800000, 0x0000000094800000, 0x0000000094900000|  0%| F|  |TAMS 0x0000000094800000| PB 0x0000000094800000| Untracked 
|  57|0x0000000094900000, 0x0000000094900000, 0x0000000094a00000|  0%| F|  |TAMS 0x0000000094900000| PB 0x0000000094900000| Untracked 
|  58|0x0000000094a00000, 0x0000000094a00000, 0x0000000094b00000|  0%| F|  |TAMS 0x0000000094a00000| PB 0x0000000094a00000| Untracked 
|  59|0x0000000094b00000, 0x0000000094b00000, 0x0000000094c00000|  0%| F|  |TAMS 0x0000000094b00000| PB 0x0000000094b00000| Untracked 
|  60|0x0000000094c00000, 0x0000000094c00000, 0x0000000094d00000|  0%| F|  |TAMS 0x0000000094c00000| PB 0x0000000094c00000| Untracked 
|  61|0x0000000094d00000, 0x0000000094d00000, 0x0000000094e00000|  0%| F|  |TAMS 0x0000000094d00000| PB 0x0000000094d00000| Untracked 
|  62|0x0000000094e00000, 0x0000000094e00000, 0x0000000094f00000|  0%| F|  |TAMS 0x0000000094e00000| PB 0x0000000094e00000| Untracked 
|  63|0x0000000094f00000, 0x0000000094f00000, 0x0000000095000000|  0%| F|  |TAMS 0x0000000094f00000| PB 0x0000000094f00000| Untracked 
|  64|0x0000000095000000, 0x0000000095000000, 0x0000000095100000|  0%| F|  |TAMS 0x0000000095000000| PB 0x0000000095000000| Untracked 
|  65|0x0000000095100000, 0x0000000095100000, 0x0000000095200000|  0%| F|  |TAMS 0x0000000095100000| PB 0x0000000095100000| Untracked 
|  66|0x0000000095200000, 0x0000000095200000, 0x0000000095300000|  0%| F|  |TAMS 0x0000000095200000| PB 0x0000000095200000| Untracked 
|  67|0x0000000095300000, 0x0000000095300000, 0x0000000095400000|  0%| F|  |TAMS 0x0000000095300000| PB 0x0000000095300000| Untracked 
|  68|0x0000000095400000, 0x0000000095400000, 0x0000000095500000|  0%| F|  |TAMS 0x0000000095400000| PB 0x0000000095400000| Untracked 
|  69|0x0000000095500000, 0x0000000095500000, 0x0000000095600000|  0%| F|  |TAMS 0x0000000095500000| PB 0x0000000095500000| Untracked 
|  70|0x0000000095600000, 0x0000000095600000, 0x0000000095700000|  0%| F|  |TAMS 0x0000000095600000| PB 0x0000000095600000| Untracked 
|  71|0x0000000095700000, 0x0000000095700000, 0x0000000095800000|  0%| F|  |TAMS 0x0000000095700000| PB 0x0000000095700000| Untracked 
|  72|0x0000000095800000, 0x0000000095800000, 0x0000000095900000|  0%| F|  |TAMS 0x0000000095800000| PB 0x0000000095800000| Untracked 
|  73|0x0000000095900000, 0x0000000095978dd8, 0x0000000095a00000| 47%| S|CS|TAMS 0x0000000095900000| PB 0x0000000095900000| Complete 
|  74|0x0000000095a00000, 0x0000000095a00000, 0x0000000095b00000|  0%| F|  |TAMS 0x0000000095a00000| PB 0x0000000095a00000| Untracked 
|  75|0x0000000095b00000, 0x0000000095b00000, 0x0000000095c00000|  0%| F|  |TAMS 0x0000000095b00000| PB 0x0000000095b00000| Untracked 
|  76|0x0000000095c00000, 0x0000000095c00000, 0x0000000095d00000|  0%| F|  |TAMS 0x0000000095c00000| PB 0x0000000095c00000| Untracked 
|  77|0x0000000095d00000, 0x0000000095d00000, 0x0000000095e00000|  0%| F|  |TAMS 0x0000000095d00000| PB 0x0000000095d00000| Untracked 
|  78|0x0000000095e00000, 0x0000000095e00000, 0x0000000095f00000|  0%| F|  |TAMS 0x0000000095e00000| PB 0x0000000095e00000| Untracked 
|  79|0x0000000095f00000, 0x0000000096000000, 0x0000000096000000|100%| O|  |TAMS 0x0000000095f00000| PB 0x0000000095f00000| Untracked 
|  80|0x0000000096000000, 0x00000000960ff310, 0x0000000096100000| 99%| O|  |TAMS 0x0000000096000000| PB 0x0000000096000000| Complete 
|  81|0x0000000096100000, 0x0000000096200000, 0x0000000096200000|100%| O|  |TAMS 0x0000000096100000| PB 0x0000000096100000| Untracked 
|  82|0x0000000096200000, 0x0000000096200000, 0x0000000096300000|  0%| F|  |TAMS 0x0000000096200000| PB 0x0000000096200000| Untracked 
|  83|0x0000000096300000, 0x0000000096300000, 0x0000000096400000|  0%| F|  |TAMS 0x0000000096300000| PB 0x0000000096300000| Untracked 
|  84|0x0000000096400000, 0x0000000096400000, 0x0000000096500000|  0%| F|  |TAMS 0x0000000096400000| PB 0x0000000096400000| Untracked 
|  85|0x0000000096500000, 0x0000000096600000, 0x0000000096600000|100%| O|  |TAMS 0x0000000096500000| PB 0x0000000096500000| Untracked 
|  86|0x0000000096600000, 0x0000000096600000, 0x0000000096700000|  0%| F|  |TAMS 0x0000000096600000| PB 0x0000000096600000| Untracked 
|  87|0x0000000096700000, 0x0000000096800000, 0x0000000096800000|100%| O|  |TAMS 0x0000000096700000| PB 0x0000000096700000| Untracked 
|  88|0x0000000096800000, 0x0000000096900000, 0x0000000096900000|100%| O|  |TAMS 0x0000000096800000| PB 0x0000000096800000| Untracked 
|  89|0x0000000096900000, 0x0000000096a00000, 0x0000000096a00000|100%| O|  |TAMS 0x0000000096900000| PB 0x0000000096900000| Untracked 
|  90|0x0000000096a00000, 0x0000000096b00000, 0x0000000096b00000|100%| O|  |TAMS 0x0000000096a00000| PB 0x0000000096a00000| Untracked 
|  91|0x0000000096b00000, 0x0000000096c00000, 0x0000000096c00000|100%| O|  |TAMS 0x0000000096b00000| PB 0x0000000096b00000| Untracked 
|  92|0x0000000096c00000, 0x0000000096d00000, 0x0000000096d00000|100%| O|  |TAMS 0x0000000096c00000| PB 0x0000000096c00000| Untracked 
|  93|0x0000000096d00000, 0x0000000096e00000, 0x0000000096e00000|100%| O|  |TAMS 0x0000000096d00000| PB 0x0000000096d00000| Untracked 
|  94|0x0000000096e00000, 0x0000000096f00000, 0x0000000096f00000|100%| O|  |TAMS 0x0000000096e00000| PB 0x0000000096e00000| Untracked 
|  95|0x0000000096f00000, 0x0000000097000000, 0x0000000097000000|100%| O|  |TAMS 0x0000000096f00000| PB 0x0000000096f00000| Untracked 
|  96|0x0000000097000000, 0x0000000097000000, 0x0000000097100000|  0%| F|  |TAMS 0x0000000097000000| PB 0x0000000097000000| Untracked 
|  97|0x0000000097100000, 0x0000000097100000, 0x0000000097200000|  0%| F|  |TAMS 0x0000000097100000| PB 0x0000000097100000| Untracked 
|  98|0x0000000097200000, 0x0000000097200000, 0x0000000097300000|  0%| F|  |TAMS 0x0000000097200000| PB 0x0000000097200000| Untracked 
|  99|0x0000000097300000, 0x0000000097300000, 0x0000000097400000|  0%| F|  |TAMS 0x0000000097300000| PB 0x0000000097300000| Untracked 
| 100|0x0000000097400000, 0x0000000097400000, 0x0000000097500000|  0%| F|  |TAMS 0x0000000097400000| PB 0x0000000097400000| Untracked 
| 101|0x0000000097500000, 0x0000000097500000, 0x0000000097600000|  0%| F|  |TAMS 0x0000000097500000| PB 0x0000000097500000| Untracked 
| 102|0x0000000097600000, 0x0000000097600000, 0x0000000097700000|  0%| F|  |TAMS 0x0000000097600000| PB 0x0000000097600000| Untracked 
| 103|0x0000000097700000, 0x0000000097700000, 0x0000000097800000|  0%| F|  |TAMS 0x0000000097700000| PB 0x0000000097700000| Untracked 
| 104|0x0000000097800000, 0x0000000097800000, 0x0000000097900000|  0%| F|  |TAMS 0x0000000097800000| PB 0x0000000097800000| Untracked 
| 105|0x0000000097900000, 0x0000000097900000, 0x0000000097a00000|  0%| F|  |TAMS 0x0000000097900000| PB 0x0000000097900000| Untracked 
| 106|0x0000000097a00000, 0x0000000097a648e8, 0x0000000097b00000| 39%| E|  |TAMS 0x0000000097a00000| PB 0x0000000097a00000| Complete 
| 107|0x0000000097b00000, 0x0000000097c00000, 0x0000000097c00000|100%| E|CS|TAMS 0x0000000097b00000| PB 0x0000000097b00000| Complete 
| 108|0x0000000097c00000, 0x0000000097d00000, 0x0000000097d00000|100%| E|CS|TAMS 0x0000000097c00000| PB 0x0000000097c00000| Complete 
| 109|0x0000000097d00000, 0x0000000097e00000, 0x0000000097e00000|100%| E|CS|TAMS 0x0000000097d00000| PB 0x0000000097d00000| Complete 
| 110|0x0000000097e00000, 0x0000000097f00000, 0x0000000097f00000|100%| E|CS|TAMS 0x0000000097e00000| PB 0x0000000097e00000| Complete 
| 111|0x0000000097f00000, 0x0000000098000000, 0x0000000098000000|100%| E|CS|TAMS 0x0000000097f00000| PB 0x0000000097f00000| Complete 
| 112|0x0000000098000000, 0x0000000098100000, 0x0000000098100000|100%| E|CS|TAMS 0x0000000098000000| PB 0x0000000098000000| Complete 
| 113|0x0000000098100000, 0x0000000098200000, 0x0000000098200000|100%| E|CS|TAMS 0x0000000098100000| PB 0x0000000098100000| Complete 
| 114|0x0000000098200000, 0x0000000098300000, 0x0000000098300000|100%| E|CS|TAMS 0x0000000098200000| PB 0x0000000098200000| Complete 
| 115|0x0000000098300000, 0x0000000098400000, 0x0000000098400000|100%| E|CS|TAMS 0x0000000098300000| PB 0x0000000098300000| Complete 
| 116|0x0000000098400000, 0x0000000098500000, 0x0000000098500000|100%| E|CS|TAMS 0x0000000098400000| PB 0x0000000098400000| Complete 
| 117|0x0000000098500000, 0x0000000098600000, 0x0000000098600000|100%| E|CS|TAMS 0x0000000098500000| PB 0x0000000098500000| Complete 
| 118|0x0000000098600000, 0x0000000098700000, 0x0000000098700000|100%| E|CS|TAMS 0x0000000098600000| PB 0x0000000098600000| Complete 
| 119|0x0000000098700000, 0x0000000098800000, 0x0000000098800000|100%| E|CS|TAMS 0x0000000098700000| PB 0x0000000098700000| Complete 
| 120|0x0000000098800000, 0x0000000098900000, 0x0000000098900000|100%| E|CS|TAMS 0x0000000098800000| PB 0x0000000098800000| Complete 
| 121|0x0000000098900000, 0x0000000098a00000, 0x0000000098a00000|100%| E|CS|TAMS 0x0000000098900000| PB 0x0000000098900000| Complete 
| 122|0x0000000098a00000, 0x0000000098b00000, 0x0000000098b00000|100%| E|CS|TAMS 0x0000000098a00000| PB 0x0000000098a00000| Complete 
| 123|0x0000000098b00000, 0x0000000098c00000, 0x0000000098c00000|100%| E|CS|TAMS 0x0000000098b00000| PB 0x0000000098b00000| Complete 
| 124|0x0000000098c00000, 0x0000000098d00000, 0x0000000098d00000|100%| E|CS|TAMS 0x0000000098c00000| PB 0x0000000098c00000| Complete 
| 125|0x0000000098d00000, 0x0000000098e00000, 0x0000000098e00000|100%| E|CS|TAMS 0x0000000098d00000| PB 0x0000000098d00000| Complete 
| 126|0x0000000098e00000, 0x0000000098f00000, 0x0000000098f00000|100%| E|CS|TAMS 0x0000000098e00000| PB 0x0000000098e00000| Complete 
| 127|0x0000000098f00000, 0x0000000099000000, 0x0000000099000000|100%| E|CS|TAMS 0x0000000098f00000| PB 0x0000000098f00000| Complete 
| 128|0x0000000099000000, 0x0000000099100000, 0x0000000099100000|100%| E|CS|TAMS 0x0000000099000000| PB 0x0000000099000000| Complete 
| 129|0x0000000099100000, 0x0000000099200000, 0x0000000099200000|100%| E|CS|TAMS 0x0000000099100000| PB 0x0000000099100000| Complete 
| 130|0x0000000099200000, 0x0000000099300000, 0x0000000099300000|100%| E|CS|TAMS 0x0000000099200000| PB 0x0000000099200000| Complete 
| 131|0x0000000099300000, 0x0000000099400000, 0x0000000099400000|100%| E|CS|TAMS 0x0000000099300000| PB 0x0000000099300000| Complete 
| 132|0x0000000099400000, 0x0000000099500000, 0x0000000099500000|100%| E|CS|TAMS 0x0000000099400000| PB 0x0000000099400000| Complete 
| 133|0x0000000099500000, 0x0000000099600000, 0x0000000099600000|100%| E|CS|TAMS 0x0000000099500000| PB 0x0000000099500000| Complete 
| 134|0x0000000099600000, 0x0000000099700000, 0x0000000099700000|100%| E|CS|TAMS 0x0000000099600000| PB 0x0000000099600000| Complete 
| 135|0x0000000099700000, 0x0000000099800000, 0x0000000099800000|100%| E|CS|TAMS 0x0000000099700000| PB 0x0000000099700000| Complete 
| 136|0x0000000099800000, 0x0000000099900000, 0x0000000099900000|100%| E|CS|TAMS 0x0000000099800000| PB 0x0000000099800000| Complete 
| 137|0x0000000099900000, 0x0000000099a00000, 0x0000000099a00000|100%| E|CS|TAMS 0x0000000099900000| PB 0x0000000099900000| Complete 
| 138|0x0000000099a00000, 0x0000000099b00000, 0x0000000099b00000|100%| E|CS|TAMS 0x0000000099a00000| PB 0x0000000099a00000| Complete 
| 139|0x0000000099b00000, 0x0000000099c00000, 0x0000000099c00000|100%| E|CS|TAMS 0x0000000099b00000| PB 0x0000000099b00000| Complete 
| 140|0x0000000099c00000, 0x0000000099d00000, 0x0000000099d00000|100%| E|CS|TAMS 0x0000000099c00000| PB 0x0000000099c00000| Complete 
| 141|0x0000000099d00000, 0x0000000099e00000, 0x0000000099e00000|100%| E|CS|TAMS 0x0000000099d00000| PB 0x0000000099d00000| Complete 
| 142|0x0000000099e00000, 0x0000000099f00000, 0x0000000099f00000|100%| E|CS|TAMS 0x0000000099e00000| PB 0x0000000099e00000| Complete 
| 143|0x0000000099f00000, 0x000000009a000000, 0x000000009a000000|100%| E|CS|TAMS 0x0000000099f00000| PB 0x0000000099f00000| Complete 
| 144|0x000000009a000000, 0x000000009a100000, 0x000000009a100000|100%| E|CS|TAMS 0x000000009a000000| PB 0x000000009a000000| Complete 
| 145|0x000000009a100000, 0x000000009a200000, 0x000000009a200000|100%| E|CS|TAMS 0x000000009a100000| PB 0x000000009a100000| Complete 
| 146|0x000000009a200000, 0x000000009a300000, 0x000000009a300000|100%| E|CS|TAMS 0x000000009a200000| PB 0x000000009a200000| Complete 
| 147|0x000000009a300000, 0x000000009a400000, 0x000000009a400000|100%| E|CS|TAMS 0x000000009a300000| PB 0x000000009a300000| Complete 
| 148|0x000000009a400000, 0x000000009a500000, 0x000000009a500000|100%| E|CS|TAMS 0x000000009a400000| PB 0x000000009a400000| Complete 
| 149|0x000000009a500000, 0x000000009a600000, 0x000000009a600000|100%| E|CS|TAMS 0x000000009a500000| PB 0x000000009a500000| Complete 
| 150|0x000000009a600000, 0x000000009a700000, 0x000000009a700000|100%| E|CS|TAMS 0x000000009a600000| PB 0x000000009a600000| Complete 
| 151|0x000000009a700000, 0x000000009a800000, 0x000000009a800000|100%| E|CS|TAMS 0x000000009a700000| PB 0x000000009a700000| Complete 
| 152|0x000000009a800000, 0x000000009a900000, 0x000000009a900000|100%| E|CS|TAMS 0x000000009a800000| PB 0x000000009a800000| Complete 
| 153|0x000000009a900000, 0x000000009aa00000, 0x000000009aa00000|100%| E|CS|TAMS 0x000000009a900000| PB 0x000000009a900000| Complete 
| 154|0x000000009aa00000, 0x000000009ab00000, 0x000000009ab00000|100%| E|CS|TAMS 0x000000009aa00000| PB 0x000000009aa00000| Complete 
| 155|0x000000009ab00000, 0x000000009ac00000, 0x000000009ac00000|100%| E|CS|TAMS 0x000000009ab00000| PB 0x000000009ab00000| Complete 
| 156|0x000000009ac00000, 0x000000009ad00000, 0x000000009ad00000|100%| E|CS|TAMS 0x000000009ac00000| PB 0x000000009ac00000| Complete 
| 157|0x000000009ad00000, 0x000000009ae00000, 0x000000009ae00000|100%| E|CS|TAMS 0x000000009ad00000| PB 0x000000009ad00000| Complete 
| 158|0x000000009ae00000, 0x000000009af00000, 0x000000009af00000|100%| E|CS|TAMS 0x000000009ae00000| PB 0x000000009ae00000| Complete 
| 159|0x000000009af00000, 0x000000009b000000, 0x000000009b000000|100%| E|CS|TAMS 0x000000009af00000| PB 0x000000009af00000| Complete 
| 160|0x000000009b000000, 0x000000009b100000, 0x000000009b100000|100%| E|CS|TAMS 0x000000009b000000| PB 0x000000009b000000| Complete 
| 161|0x000000009b100000, 0x000000009b200000, 0x000000009b200000|100%| E|CS|TAMS 0x000000009b100000| PB 0x000000009b100000| Complete 
| 162|0x000000009b200000, 0x000000009b300000, 0x000000009b300000|100%| E|CS|TAMS 0x000000009b200000| PB 0x000000009b200000| Complete 
| 163|0x000000009b300000, 0x000000009b400000, 0x000000009b400000|100%| E|CS|TAMS 0x000000009b300000| PB 0x000000009b300000| Complete 
| 164|0x000000009b400000, 0x000000009b500000, 0x000000009b500000|100%| E|CS|TAMS 0x000000009b400000| PB 0x000000009b400000| Complete 
| 165|0x000000009b500000, 0x000000009b600000, 0x000000009b600000|100%| E|CS|TAMS 0x000000009b500000| PB 0x000000009b500000| Complete 
| 166|0x000000009b600000, 0x000000009b700000, 0x000000009b700000|100%| E|CS|TAMS 0x000000009b600000| PB 0x000000009b600000| Complete 
| 167|0x000000009b700000, 0x000000009b800000, 0x000000009b800000|100%| E|CS|TAMS 0x000000009b700000| PB 0x000000009b700000| Complete 
| 168|0x000000009b800000, 0x000000009b900000, 0x000000009b900000|100%| E|CS|TAMS 0x000000009b800000| PB 0x000000009b800000| Complete 
| 169|0x000000009b900000, 0x000000009ba00000, 0x000000009ba00000|100%| E|CS|TAMS 0x000000009b900000| PB 0x000000009b900000| Complete 
| 170|0x000000009ba00000, 0x000000009bb00000, 0x000000009bb00000|100%| E|CS|TAMS 0x000000009ba00000| PB 0x000000009ba00000| Complete 
| 171|0x000000009bb00000, 0x000000009bc00000, 0x000000009bc00000|100%| E|CS|TAMS 0x000000009bb00000| PB 0x000000009bb00000| Complete 
| 172|0x000000009bc00000, 0x000000009bd00000, 0x000000009bd00000|100%| E|CS|TAMS 0x000000009bc00000| PB 0x000000009bc00000| Complete 
| 173|0x000000009bd00000, 0x000000009be00000, 0x000000009be00000|100%| E|CS|TAMS 0x000000009bd00000| PB 0x000000009bd00000| Complete 
| 174|0x000000009be00000, 0x000000009bf00000, 0x000000009bf00000|100%| E|CS|TAMS 0x000000009be00000| PB 0x000000009be00000| Complete 
| 175|0x000000009bf00000, 0x000000009c000000, 0x000000009c000000|100%| E|CS|TAMS 0x000000009bf00000| PB 0x000000009bf00000| Complete 
| 176|0x000000009c000000, 0x000000009c100000, 0x000000009c100000|100%| E|CS|TAMS 0x000000009c000000| PB 0x000000009c000000| Complete 
| 177|0x000000009c100000, 0x000000009c200000, 0x000000009c200000|100%| E|CS|TAMS 0x000000009c100000| PB 0x000000009c100000| Complete 
| 178|0x000000009c200000, 0x000000009c300000, 0x000000009c300000|100%| E|CS|TAMS 0x000000009c200000| PB 0x000000009c200000| Complete 
| 179|0x000000009c300000, 0x000000009c400000, 0x000000009c400000|100%| E|CS|TAMS 0x000000009c300000| PB 0x000000009c300000| Complete 
| 180|0x000000009c400000, 0x000000009c500000, 0x000000009c500000|100%| E|CS|TAMS 0x000000009c400000| PB 0x000000009c400000| Complete 
| 181|0x000000009c500000, 0x000000009c600000, 0x000000009c600000|100%| E|CS|TAMS 0x000000009c500000| PB 0x000000009c500000| Complete 
| 182|0x000000009c600000, 0x000000009c700000, 0x000000009c700000|100%| E|CS|TAMS 0x000000009c600000| PB 0x000000009c600000| Complete 
| 183|0x000000009c700000, 0x000000009c800000, 0x000000009c800000|100%| E|CS|TAMS 0x000000009c700000| PB 0x000000009c700000| Complete 
| 184|0x000000009c800000, 0x000000009c900000, 0x000000009c900000|100%| E|CS|TAMS 0x000000009c800000| PB 0x000000009c800000| Complete 
| 185|0x000000009c900000, 0x000000009ca00000, 0x000000009ca00000|100%| E|CS|TAMS 0x000000009c900000| PB 0x000000009c900000| Complete 
| 186|0x000000009ca00000, 0x000000009cb00000, 0x000000009cb00000|100%| E|CS|TAMS 0x000000009ca00000| PB 0x000000009ca00000| Complete 
| 187|0x000000009cb00000, 0x000000009cc00000, 0x000000009cc00000|100%| E|CS|TAMS 0x000000009cb00000| PB 0x000000009cb00000| Complete 
| 188|0x000000009cc00000, 0x000000009cd00000, 0x000000009cd00000|100%| E|CS|TAMS 0x000000009cc00000| PB 0x000000009cc00000| Complete 
| 189|0x000000009cd00000, 0x000000009ce00000, 0x000000009ce00000|100%| E|CS|TAMS 0x000000009cd00000| PB 0x000000009cd00000| Complete 
| 190|0x000000009ce00000, 0x000000009cf00000, 0x000000009cf00000|100%| E|CS|TAMS 0x000000009ce00000| PB 0x000000009ce00000| Complete 
| 191|0x000000009cf00000, 0x000000009d000000, 0x000000009d000000|100%| E|CS|TAMS 0x000000009cf00000| PB 0x000000009cf00000| Complete 
| 192|0x000000009d000000, 0x000000009d100000, 0x000000009d100000|100%| E|CS|TAMS 0x000000009d000000| PB 0x000000009d000000| Complete 
| 193|0x000000009d100000, 0x000000009d200000, 0x000000009d200000|100%| E|CS|TAMS 0x000000009d100000| PB 0x000000009d100000| Complete 
| 194|0x000000009d200000, 0x000000009d300000, 0x000000009d300000|100%| E|CS|TAMS 0x000000009d200000| PB 0x000000009d200000| Complete 
| 195|0x000000009d300000, 0x000000009d400000, 0x000000009d400000|100%| E|CS|TAMS 0x000000009d300000| PB 0x000000009d300000| Complete 
| 196|0x000000009d400000, 0x000000009d500000, 0x000000009d500000|100%| E|CS|TAMS 0x000000009d400000| PB 0x000000009d400000| Complete 
| 197|0x000000009d500000, 0x000000009d600000, 0x000000009d600000|100%| E|CS|TAMS 0x000000009d500000| PB 0x000000009d500000| Complete 
| 198|0x000000009d600000, 0x000000009d700000, 0x000000009d700000|100%| E|CS|TAMS 0x000000009d600000| PB 0x000000009d600000| Complete 
| 199|0x000000009d700000, 0x000000009d800000, 0x000000009d800000|100%| E|CS|TAMS 0x000000009d700000| PB 0x000000009d700000| Complete 
| 200|0x000000009d800000, 0x000000009d900000, 0x000000009d900000|100%| E|CS|TAMS 0x000000009d800000| PB 0x000000009d800000| Complete 
| 201|0x000000009d900000, 0x000000009da00000, 0x000000009da00000|100%| E|CS|TAMS 0x000000009d900000| PB 0x000000009d900000| Complete 
| 202|0x000000009da00000, 0x000000009db00000, 0x000000009db00000|100%| E|CS|TAMS 0x000000009da00000| PB 0x000000009da00000| Complete 
| 203|0x000000009db00000, 0x000000009dc00000, 0x000000009dc00000|100%| E|CS|TAMS 0x000000009db00000| PB 0x000000009db00000| Complete 
| 204|0x000000009dc00000, 0x000000009dd00000, 0x000000009dd00000|100%| E|CS|TAMS 0x000000009dc00000| PB 0x000000009dc00000| Complete 
| 205|0x000000009dd00000, 0x000000009de00000, 0x000000009de00000|100%| E|CS|TAMS 0x000000009dd00000| PB 0x000000009dd00000| Complete 
| 206|0x000000009de00000, 0x000000009df00000, 0x000000009df00000|100%| E|CS|TAMS 0x000000009de00000| PB 0x000000009de00000| Complete 
| 207|0x000000009df00000, 0x000000009e000000, 0x000000009e000000|100%| E|CS|TAMS 0x000000009df00000| PB 0x000000009df00000| Complete 
| 208|0x000000009e000000, 0x000000009e100000, 0x000000009e100000|100%| E|CS|TAMS 0x000000009e000000| PB 0x000000009e000000| Complete 
| 209|0x000000009e100000, 0x000000009e200000, 0x000000009e200000|100%| E|CS|TAMS 0x000000009e100000| PB 0x000000009e100000| Complete 
| 210|0x000000009e200000, 0x000000009e300000, 0x000000009e300000|100%| E|CS|TAMS 0x000000009e200000| PB 0x000000009e200000| Complete 
| 211|0x000000009e300000, 0x000000009e400000, 0x000000009e400000|100%| E|CS|TAMS 0x000000009e300000| PB 0x000000009e300000| Complete 
| 212|0x000000009e400000, 0x000000009e500000, 0x000000009e500000|100%| E|CS|TAMS 0x000000009e400000| PB 0x000000009e400000| Complete 
| 213|0x000000009e500000, 0x000000009e600000, 0x000000009e600000|100%| E|CS|TAMS 0x000000009e500000| PB 0x000000009e500000| Complete 

Card table byte_map: [0x000001fb29e80000,0x000001fb2a200000] _byte_map_base: 0x000001fb299f8000

Marking Bits: (CMBitMap*) 0x000001fb16eb5070
 Bits: [0x000001fb2a580000, 0x000001fb2c140000)

Polling page: 0x000001fb16610000

Metaspace:

Usage:
  Non-class:     94.61 MB used.
      Class:     12.12 MB used.
       Both:    106.73 MB used.

Virtual space:
  Non-class space:      128.00 MB reserved,      95.81 MB ( 75%) committed,  2 nodes.
      Class space:        1.00 GB reserved,      13.00 MB (  1%) committed,  1 nodes.
             Both:        1.12 GB reserved,     108.81 MB (  9%) committed. 

Chunk freelists:
   Non-Class:  4.37 MB
       Class:  3.52 MB
        Both:  7.89 MB

MaxMetaspaceSize: unlimited
CompressedClassSpaceSize: 1.00 GB
Initial GC threshold: 21.00 MB
Current GC threshold: 182.44 MB
CDS: off
MetaspaceReclaimPolicy: balanced
 - commit_granule_bytes: 65536.
 - commit_granule_words: 8192.
 - virtual_space_node_default_size: 8388608.
 - enlarge_chunks_in_place: 1.
 - new_chunks_are_fully_committed: 0.
 - uncommit_free_chunks: 1.
 - use_allocation_guard: 0.


Internal statistics:

num_allocs_failed_limit: 6.
num_arena_births: 3084.
num_arena_deaths: 1960.
num_vsnodes_births: 3.
num_vsnodes_deaths: 0.
num_space_committed: 1752.
num_space_uncommitted: 8.
num_chunks_returned_to_freelist: 2324.
num_chunks_taken_from_freelist: 7769.
num_chunk_merges: 621.
num_chunk_splits: 4608.
num_chunks_enlarged: 3276.
num_inconsistent_stats: 0.

CodeHeap 'non-profiled nmethods': size=120000Kb used=7225Kb max_used=12947Kb free=112775Kb
 bounds [0x000001fb222a0000, 0x000001fb22f50000, 0x000001fb297d0000]
CodeHeap 'profiled nmethods': size=120000Kb used=11508Kb max_used=29850Kb free=108491Kb
 bounds [0x000001fb1a7d0000, 0x000001fb1c510000, 0x000001fb21d00000]
CodeHeap 'non-nmethods': size=5760Kb used=1769Kb max_used=1835Kb free=3990Kb
 bounds [0x000001fb21d00000, 0x000001fb21f70000, 0x000001fb222a0000]
 total_blobs=6888 nmethods=6148 adapters=648
 compilation: enabled
              stopped_count=0, restarted_count=0
 full_count=0

Compilation events (20 events):
Event: 8436.933 Thread 0x000001fb32c7ba10 32054       3       ch.qos.logback.classic.spi.LoggingEvent::getThreadName (22 bytes)
Event: 8436.933 Thread 0x000001fb32c7ba10 nmethod 32054 0x000001fb1b41b290 code [0x000001fb1b41b420, 0x000001fb1b41b5f8]
Event: 8436.933 Thread 0x000001fb32c7ba10 32055       3       ch.qos.logback.core.pattern.Converter::write (11 bytes)
Event: 8436.935 Thread 0x000001fb32c7ba10 nmethod 32055 0x000001fb1bf3f390 code [0x000001fb1bf3f540, 0x000001fb1bf3f798]
Event: 8436.935 Thread 0x000001fb32c7ba10 32056       3       ch.qos.logback.classic.spi.LoggingEvent::getFormattedMessage (53 bytes)
Event: 8436.936 Thread 0x000001fb32c7ba10 nmethod 32056 0x000001fb1b94f690 code [0x000001fb1b94f840, 0x000001fb1b94fb20]
Event: 8437.152 Thread 0x000001fb32c7ba10 32059       2       java.lang.invoke.MethodHandle::asType (32 bytes)
Event: 8437.153 Thread 0x000001fb32c7ba10 nmethod 32059 0x000001fb1afeed10 code [0x000001fb1afeef00, 0x000001fb1afef320]
Event: 8437.207 Thread 0x000001fb32c778c0 nmethod 32051 0x000001fb22a72510 code [0x000001fb22a72860, 0x000001fb22a75610]
Event: 8437.208 Thread 0x000001fb32c778c0 32058       4       java.util.concurrent.ScheduledThreadPoolExecutor$ScheduledFutureTask::compareTo (9 bytes)
Event: 8437.210 Thread 0x000001fb32c778c0 nmethod 32058 0x000001fb227d4310 code [0x000001fb227d4480, 0x000001fb227d4588]
Event: 8437.210 Thread 0x000001fb32c778c0 32057       4       java.lang.invoke.ClassSpecializer$SpeciesData::getterFunction (78 bytes)
Event: 8437.213 Thread 0x000001fb32c778c0 nmethod 32057 0x000001fb22381690 code [0x000001fb22381820, 0x000001fb223819b0]
Event: 8437.213 Thread 0x000001fb32c778c0 32053       4       io.micrometer.core.instrument.Meter::close (1 bytes)
Event: 8437.214 Thread 0x000001fb32c778c0 nmethod 32053 0x000001fb224cf190 code [0x000001fb224cf300, 0x000001fb224cf388]
Event: 8437.216 Thread 0x000001fb32c7ba10 32060       3       org.springframework.boot.devtools.restart.Restarter::isFromRestartClassLoader (26 bytes)
Event: 8437.216 Thread 0x000001fb32c7ba10 nmethod 32060 0x000001fb1b23ad90 code [0x000001fb1b23af60, 0x000001fb1b23b548]
Event: 8437.221 Thread 0x000001fb32c7ba10 32061       3       org.springframework.boot.devtools.restart.Restarter$$Lambda$1735/0x0000000100b5f008::test (9 bytes)
Event: 8437.222 Thread 0x000001fb32c7ba10 nmethod 32061 0x000001fb1b237e10 code [0x000001fb1b237fe0, 0x000001fb1b238638]
Event: 8437.317 Thread 0x000001fb32c778c0 32062       4       org.springframework.util.ConcurrentReferenceHashMap$Segment::createReferenceArray (5 bytes)

GC Heap History (20 events):
Event: 6030.510 GC heap after
{Heap after GC invocations=120 (full 6):
 garbage-first heap   total 219136K, used 102325K [0x0000000091000000, 0x0000000100000000)
  region size 1024K, 7 young (7168K), 7 survivors (7168K)
 Metaspace       used 110768K, committed 112064K, reserved 1179648K
  class space    used 12636K, committed 13312K, reserved 1048576K
}
Event: 6228.296 GC heap before
{Heap before GC invocations=120 (full 6):
 garbage-first heap   total 219136K, used 198581K [0x0000000091000000, 0x0000000100000000)
  region size 1024K, 101 young (103424K), 7 survivors (7168K)
 Metaspace       used 110771K, committed 112064K, reserved 1179648K
  class space    used 12636K, committed 13312K, reserved 1048576K
}
Event: 6228.302 GC heap after
{Heap after GC invocations=121 (full 6):
 garbage-first heap   total 219136K, used 102182K [0x0000000091000000, 0x0000000100000000)
  region size 1024K, 7 young (7168K), 7 survivors (7168K)
 Metaspace       used 110771K, committed 112064K, reserved 1179648K
  class space    used 12636K, committed 13312K, reserved 1048576K
}
Event: 6427.384 GC heap before
{Heap before GC invocations=122 (full 6):
 garbage-first heap   total 219136K, used 197414K [0x0000000091000000, 0x0000000100000000)
  region size 1024K, 101 young (103424K), 7 survivors (7168K)
 Metaspace       used 109734K, committed 111872K, reserved 1179648K
  class space    used 12464K, committed 13312K, reserved 1048576K
}
Event: 6427.389 GC heap after
{Heap after GC invocations=123 (full 6):
 garbage-first heap   total 219136K, used 101014K [0x0000000091000000, 0x0000000100000000)
  region size 1024K, 7 young (7168K), 7 survivors (7168K)
 Metaspace       used 109734K, committed 111872K, reserved 1179648K
  class space    used 12464K, committed 13312K, reserved 1048576K
}
Event: 6589.530 GC heap before
{Heap before GC invocations=123 (full 6):
 garbage-first heap   total 219136K, used 198294K [0x0000000091000000, 0x0000000100000000)
  region size 1024K, 102 young (104448K), 7 survivors (7168K)
 Metaspace       used 109847K, committed 111872K, reserved 1179648K
  class space    used 12465K, committed 13312K, reserved 1048576K
}
Event: 6589.541 GC heap after
{Heap after GC invocations=124 (full 6):
 garbage-first heap   total 219136K, used 79204K [0x0000000091000000, 0x0000000100000000)
  region size 1024K, 7 young (7168K), 7 survivors (7168K)
 Metaspace       used 109847K, committed 111872K, reserved 1179648K
  class space    used 12465K, committed 13312K, reserved 1048576K
}
Event: 6809.349 GC heap before
{Heap before GC invocations=124 (full 6):
 garbage-first heap   total 219136K, used 197988K [0x0000000091000000, 0x0000000100000000)
  region size 1024K, 123 young (125952K), 7 survivors (7168K)
 Metaspace       used 109953K, committed 111872K, reserved 1179648K
  class space    used 12470K, committed 13312K, reserved 1048576K
}
Event: 6809.384 GC heap after
{Heap after GC invocations=125 (full 6):
 garbage-first heap   total 219136K, used 68548K [0x0000000091000000, 0x0000000100000000)
  region size 1024K, 7 young (7168K), 7 survivors (7168K)
 Metaspace       used 109953K, committed 111872K, reserved 1179648K
  class space    used 12470K, committed 13312K, reserved 1048576K
}
Event: 7047.200 GC heap before
{Heap before GC invocations=125 (full 6):
 garbage-first heap   total 219136K, used 192452K [0x0000000091000000, 0x0000000100000000)
  region size 1024K, 128 young (131072K), 7 survivors (7168K)
 Metaspace       used 110016K, committed 111872K, reserved 1179648K
  class space    used 12471K, committed 13312K, reserved 1048576K
}
Event: 7047.224 GC heap after
{Heap after GC invocations=126 (full 6):
 garbage-first heap   total 219136K, used 68546K [0x0000000091000000, 0x0000000100000000)
  region size 1024K, 7 young (7168K), 7 survivors (7168K)
 Metaspace       used 110016K, committed 111872K, reserved 1179648K
  class space    used 12471K, committed 13312K, reserved 1048576K
}
Event: 7346.480 GC heap before
{Heap before GC invocations=127 (full 6):
 garbage-first heap   total 219136K, used 192450K [0x0000000091000000, 0x0000000100000000)
  region size 1024K, 128 young (131072K), 7 survivors (7168K)
 Metaspace       used 109136K, committed 111360K, reserved 1179648K
  class space    used 12395K, committed 13312K, reserved 1048576K
}
Event: 7346.487 GC heap after
{Heap after GC invocations=128 (full 6):
 garbage-first heap   total 219136K, used 68838K [0x0000000091000000, 0x0000000100000000)
  region size 1024K, 7 young (7168K), 7 survivors (7168K)
 Metaspace       used 109136K, committed 111360K, reserved 1179648K
  class space    used 12395K, committed 13312K, reserved 1048576K
}
Event: 7638.269 GC heap before
{Heap before GC invocations=128 (full 6):
 garbage-first heap   total 219136K, used 192742K [0x0000000091000000, 0x0000000100000000)
  region size 1024K, 128 young (131072K), 7 survivors (7168K)
 Metaspace       used 109144K, committed 111360K, reserved 1179648K
  class space    used 12395K, committed 13312K, reserved 1048576K
}
Event: 7638.333 GC heap after
{Heap after GC invocations=129 (full 6):
 garbage-first heap   total 219136K, used 66175K [0x0000000091000000, 0x0000000100000000)
  region size 1024K, 2 young (2048K), 2 survivors (2048K)
 Metaspace       used 109144K, committed 111360K, reserved 1179648K
  class space    used 12395K, committed 13312K, reserved 1048576K
}
Event: 7933.487 GC heap before
{Heap before GC invocations=129 (full 6):
 garbage-first heap   total 219136K, used 195199K [0x0000000091000000, 0x0000000100000000)
  region size 1024K, 128 young (131072K), 2 survivors (2048K)
 Metaspace       used 109144K, committed 111360K, reserved 1179648K
  class space    used 12395K, committed 13312K, reserved 1048576K
}
Event: 7933.531 GC heap after
{Heap after GC invocations=130 (full 6):
 garbage-first heap   total 219136K, used 66348K [0x0000000091000000, 0x0000000100000000)
  region size 1024K, 1 young (1024K), 1 survivors (1024K)
 Metaspace       used 109144K, committed 111360K, reserved 1179648K
  class space    used 12395K, committed 13312K, reserved 1048576K
}
Event: 8225.414 GC heap before
{Heap before GC invocations=131 (full 6):
 garbage-first heap   total 219136K, used 196396K [0x0000000091000000, 0x0000000100000000)
  region size 1024K, 128 young (131072K), 1 survivors (1024K)
 Metaspace       used 109125K, committed 111360K, reserved 1179648K
  class space    used 12388K, committed 13312K, reserved 1048576K
}
Event: 8225.619 GC heap after
{Heap after GC invocations=132 (full 6):
 garbage-first heap   total 219136K, used 66298K [0x0000000091000000, 0x0000000100000000)
  region size 1024K, 1 young (1024K), 1 survivors (1024K)
 Metaspace       used 109125K, committed 111360K, reserved 1179648K
  class space    used 12388K, committed 13312K, reserved 1048576K
}
Event: 8437.318 GC heap before
{Heap before GC invocations=132 (full 6):
 garbage-first heap   total 219136K, used 175866K [0x0000000091000000, 0x0000000100000000)
  region size 1024K, 109 young (111616K), 1 survivors (1024K)
 Metaspace       used 109292K, committed 111424K, reserved 1179648K
  class space    used 12410K, committed 13312K, reserved 1048576K
}

Dll operation events (11 events):
Event: 0.015 Loaded shared library C:\Users\HB\.p2\pool\plugins\org.eclipse.justj.openjdk.hotspot.jre.full.win32.x86_64_20.0.1.v20230425-1611\jre\bin\java.dll
Event: 0.024 Loaded shared library C:\Users\HB\.p2\pool\plugins\org.eclipse.justj.openjdk.hotspot.jre.full.win32.x86_64_20.0.1.v20230425-1611\jre\bin\zip.dll
Event: 0.392 Loaded shared library C:\Users\HB\.p2\pool\plugins\org.eclipse.justj.openjdk.hotspot.jre.full.win32.x86_64_20.0.1.v20230425-1611\jre\bin\net.dll
Event: 0.396 Loaded shared library C:\Users\HB\.p2\pool\plugins\org.eclipse.justj.openjdk.hotspot.jre.full.win32.x86_64_20.0.1.v20230425-1611\jre\bin\nio.dll
Event: 0.408 Loaded shared library C:\Users\HB\.p2\pool\plugins\org.eclipse.justj.openjdk.hotspot.jre.full.win32.x86_64_20.0.1.v20230425-1611\jre\bin\zip.dll
Event: 0.629 Loaded shared library C:\Users\HB\.p2\pool\plugins\org.eclipse.justj.openjdk.hotspot.jre.full.win32.x86_64_20.0.1.v20230425-1611\jre\bin\verify.dll
Event: 0.640 Loaded shared library C:\Users\HB\.p2\pool\plugins\org.eclipse.justj.openjdk.hotspot.jre.full.win32.x86_64_20.0.1.v20230425-1611\jre\bin\jimage.dll
Event: 1.204 Loaded shared library C:\Users\HB\.p2\pool\plugins\org.eclipse.justj.openjdk.hotspot.jre.full.win32.x86_64_20.0.1.v20230425-1611\jre\bin\management.dll
Event: 1.209 Loaded shared library C:\Users\HB\.p2\pool\plugins\org.eclipse.justj.openjdk.hotspot.jre.full.win32.x86_64_20.0.1.v20230425-1611\jre\bin\management_ext.dll
Event: 7.398 Loaded shared library C:\Users\HB\.p2\pool\plugins\org.eclipse.justj.openjdk.hotspot.jre.full.win32.x86_64_20.0.1.v20230425-1611\jre\bin\sunmscapi.dll
Event: 18.613 Loaded shared library C:\Users\HB\.p2\pool\plugins\org.eclipse.justj.openjdk.hotspot.jre.full.win32.x86_64_20.0.1.v20230425-1611\jre\bin\extnet.dll

Deoptimization events (20 events):
Event: 8395.146 Thread 0x000001fb399ead60 Uncommon trap: trap_request=0xffffff45 fr.pc=0x000001fb22d662c8 relative=0x0000000000000588
Event: 8395.147 Thread 0x000001fb399ead60 Uncommon trap: reason=unstable_if action=reinterpret pc=0x000001fb22d662c8 method=org.attoparser.MarkupEventProcessorHandler.autoClose([[C[[CII)V @ 99 c2
Event: 8395.147 Thread 0x000001fb399ead60 DEOPT PACKING pc=0x000001fb22d662c8 sp=0x000000f1759faf80
Event: 8395.147 Thread 0x000001fb399ead60 DEOPT UNPACKING pc=0x000001fb21d69d22 sp=0x000000f1759faf30 mode 2
Event: 8395.148 Thread 0x000001fb399ead60 Uncommon trap: trap_request=0xffffff45 fr.pc=0x000001fb22f02e30 relative=0x0000000000000c30
Event: 8395.148 Thread 0x000001fb399ead60 Uncommon trap: reason=unstable_if action=reinterpret pc=0x000001fb22f02e30 method=org.thymeleaf.engine.CloseElementTag.write(Ljava/io/Writer;)V @ 4 c2
Event: 8395.148 Thread 0x000001fb399ead60 DEOPT PACKING pc=0x000001fb22f02e30 sp=0x000000f1759fab60
Event: 8395.151 Thread 0x000001fb399ead60 DEOPT UNPACKING pc=0x000001fb21d69d22 sp=0x000000f1759faa70 mode 2
Event: 8395.289 Thread 0x000001fb399ead60 Uncommon trap: trap_request=0xffffffad fr.pc=0x000001fb22f19044 relative=0x0000000000001464
Event: 8395.289 Thread 0x000001fb399ead60 Uncommon trap: reason=uninitialized action=reinterpret pc=0x000001fb22f19044 method=org.thymeleaf.processor.element.AbstractAttributeTagProcessor.doProcess(Lorg/thymeleaf/context/ITemplateContext;Lorg/thymeleaf/model/IProcessableElementTag;Lorg/thymeleaf/
Event: 8395.289 Thread 0x000001fb399ead60 DEOPT PACKING pc=0x000001fb22f19044 sp=0x000000f1759fabf0
Event: 8395.289 Thread 0x000001fb399ead60 DEOPT UNPACKING pc=0x000001fb21d69d22 sp=0x000000f1759faba8 mode 2
Event: 8395.289 Thread 0x000001fb399ead60 Uncommon trap: trap_request=0xffffffad fr.pc=0x000001fb2289fdac relative=0x000000000000010c
Event: 8395.289 Thread 0x000001fb399ead60 Uncommon trap: reason=uninitialized action=reinterpret pc=0x000001fb2289fdac method=org.thymeleaf.processor.element.AbstractElementTagProcessor.process(Lorg/thymeleaf/context/ITemplateContext;Lorg/thymeleaf/model/IProcessableElementTag;Lorg/thymeleaf/proc
Event: 8395.289 Thread 0x000001fb399ead60 DEOPT PACKING pc=0x000001fb2289fdac sp=0x000000f1759fac80
Event: 8395.289 Thread 0x000001fb399ead60 DEOPT UNPACKING pc=0x000001fb21d69d22 sp=0x000000f1759fabf8 mode 2
Event: 8395.701 Thread 0x000001fb399ead60 Uncommon trap: trap_request=0xffffff45 fr.pc=0x000001fb227c4a68 relative=0x0000000000000068
Event: 8395.701 Thread 0x000001fb399ead60 Uncommon trap: reason=unstable_if action=reinterpret pc=0x000001fb227c4a68 method=java.lang.Character.valueOf(C)Ljava/lang/Character; @ 3 c2
Event: 8395.701 Thread 0x000001fb399ead60 DEOPT PACKING pc=0x000001fb227c4a68 sp=0x000000f1759fb040
Event: 8395.701 Thread 0x000001fb399ead60 DEOPT UNPACKING pc=0x000001fb21d69d22 sp=0x000000f1759fafd8 mode 2

Classes loaded (20 events):
Event: 4440.238 Loading class java/lang/ObjectCustomizer
Event: 4440.238 Loading class java/lang/ObjectCustomizer done
Event: 4440.238 Loading class java/lang/ObjectCustomizer
Event: 4440.238 Loading class java/lang/ObjectCustomizer done
Event: 4440.329 Loading class java/lang/ObjectCustomizer
Event: 4440.329 Loading class java/lang/ObjectCustomizer done
Event: 4440.329 Loading class java/lang/ObjectCustomizer
Event: 4440.329 Loading class java/lang/ObjectCustomizer done
Event: 4440.449 Loading class java/lang/ObjectCustomizer
Event: 4440.449 Loading class java/lang/ObjectCustomizer done
Event: 4440.449 Loading class java/lang/ObjectCustomizer
Event: 4440.449 Loading class java/lang/ObjectCustomizer done
Event: 6609.400 Loading class java/lang/ObjectCustomizer
Event: 6609.401 Loading class java/lang/ObjectCustomizer done
Event: 6609.403 Loading class java/lang/ObjectCustomizer
Event: 6609.403 Loading class java/lang/ObjectCustomizer done
Event: 8395.484 Loading class java/lang/Throwable$WrappedPrintWriter
Event: 8395.489 Loading class java/lang/Throwable$PrintStreamOrWriter
Event: 8395.495 Loading class java/lang/Throwable$PrintStreamOrWriter done
Event: 8395.495 Loading class java/lang/Throwable$WrappedPrintWriter done

Classes unloaded (20 events):
Event: 7047.387 Thread 0x000001fb32c1e4f0 Unloading class 0x0000000100c8d8b8 'fr/hb/asl/calendrier_gif/mapper/ThemeMapper'
Event: 7047.387 Thread 0x000001fb32c1e4f0 Unloading class 0x0000000100c8d690 'fr/hb/asl/calendrier_gif/mapper/JourMapperImpl'
Event: 7047.387 Thread 0x000001fb32c1e4f0 Unloading class 0x0000000100c8c608 'fr/hb/asl/calendrier_gif/mapper/JourMapper'
Event: 7047.387 Thread 0x000001fb32c1e4f0 Unloading class 0x0000000100c8d468 'fr/hb/asl/calendrier_gif/initialisation/AjoutDonneesInitiales'
Event: 7047.387 Thread 0x000001fb32c1e4f0 Unloading class 0x0000000100c8d208 'fr/hb/asl/calendrier_gif/controller/CalendrierGifController'
Event: 7047.387 Thread 0x000001fb32c1e4f0 Unloading class 0x0000000100c8d000 'fr/hb/asl/calendrier_gif/configuration/SecurityConfiguration'
Event: 7047.387 Thread 0x000001fb32c1e4f0 Unloading class 0x0000000100c8c400 'fr/hb/asl/calendrier_gif/CalendrierGifApplication'
Event: 7933.835 Thread 0x000001fb32c1e4f0 Unloading class 0x0000000100cda400 'java/lang/invoke/LambdaForm$MH+0x0000000100cda400'
Event: 7933.835 Thread 0x000001fb32c1e4f0 Unloading class 0x0000000100cda000 'java/lang/invoke/LambdaForm$MH+0x0000000100cda000'
Event: 7933.835 Thread 0x000001fb32c1e4f0 Unloading class 0x0000000100cd9c00 'java/lang/invoke/LambdaForm$MH+0x0000000100cd9c00'
Event: 7933.835 Thread 0x000001fb32c1e4f0 Unloading class 0x0000000100cd9800 'java/lang/invoke/LambdaForm$MH+0x0000000100cd9800'
Event: 7933.835 Thread 0x000001fb32c1e4f0 Unloading class 0x0000000100cd9400 'java/lang/invoke/LambdaForm$MH+0x0000000100cd9400'
Event: 7933.835 Thread 0x000001fb32c1e4f0 Unloading class 0x0000000100cd8800 'java/lang/invoke/LambdaForm$MH+0x0000000100cd8800'
Event: 7933.835 Thread 0x000001fb32c1e4f0 Unloading class 0x0000000100cd8400 'java/lang/invoke/LambdaForm$MH+0x0000000100cd8400'
Event: 7933.835 Thread 0x000001fb32c1e4f0 Unloading class 0x0000000100cd8000 'java/lang/invoke/LambdaForm$MH+0x0000000100cd8000'
Event: 7933.835 Thread 0x000001fb32c1e4f0 Unloading class 0x0000000100cd5c00 'java/lang/invoke/LambdaForm$MH+0x0000000100cd5c00'
Event: 7933.835 Thread 0x000001fb32c1e4f0 Unloading class 0x0000000100cd5800 'java/lang/invoke/LambdaForm$MH+0x0000000100cd5800'
Event: 7933.835 Thread 0x000001fb32c1e4f0 Unloading class 0x0000000100cd4c00 'java/lang/invoke/LambdaForm$MH+0x0000000100cd4c00'
Event: 7933.835 Thread 0x000001fb32c1e4f0 Unloading class 0x0000000100cd4800 'java/lang/invoke/LambdaForm$MH+0x0000000100cd4800'
Event: 7933.835 Thread 0x000001fb32c1e4f0 Unloading class 0x0000000100cd4400 'java/lang/invoke/LambdaForm$MH+0x0000000100cd4400'

Classes redefined (0 events):
No events

Internal exceptions (20 events):
Event: 4432.756 Thread 0x000001fb385b8b50 Exception <a 'java/lang/ClassNotFoundException'{0x00000000998afce8}: java/lang/ObjectCustomizer> (0x00000000998afce8) 
thrown [s\src\hotspot\share\classfile\systemDictionary.cpp, line 305]
Event: 4432.760 Thread 0x000001fb385b8b50 Exception <a 'java/lang/ClassNotFoundException'{0x00000000998b8ab0}: fr/hb/asl/calendrier_gif/business/ThemeCustomizer> (0x00000000998b8ab0) 
thrown [s\src\hotspot\share\classfile\systemDictionary.cpp, line 305]
Event: 4432.768 Thread 0x000001fb385b8b50 Exception <a 'java/lang/ClassNotFoundException'{0x00000000998db6c0}: java/lang/ObjectCustomizer> (0x00000000998db6c0) 
thrown [s\src\hotspot\share\classfile\systemDictionary.cpp, line 305]
Event: 4432.770 Thread 0x000001fb385b8b50 Exception <a 'java/lang/ClassNotFoundException'{0x00000000998e4418}: fr/hb/asl/calendrier_gif/business/JourCustomizer> (0x00000000998e4418) 
thrown [s\src\hotspot\share\classfile\systemDictionary.cpp, line 305]
Event: 4440.238 Thread 0x000001fb385b8b50 Exception <a 'java/lang/ClassNotFoundException'{0x0000000098d8d978}: java/lang/ObjectCustomizer> (0x0000000098d8d978) 
thrown [s\src\hotspot\share\classfile\systemDictionary.cpp, line 305]
Event: 4440.239 Thread 0x000001fb385b8b50 Exception <a 'java/lang/ClassNotFoundException'{0x0000000098d96f50}: fr/hb/asl/calendrier_gif/business/UtilisateurCustomizer> (0x0000000098d96f50) 
thrown [s\src\hotspot\share\classfile\systemDictionary.cpp, line 305]
Event: 4440.329 Thread 0x000001fb385b8b50 Exception <a 'java/lang/ClassNotFoundException'{0x0000000098b74328}: java/lang/ObjectCustomizer> (0x0000000098b74328) 
thrown [s\src\hotspot\share\classfile\systemDictionary.cpp, line 305]
Event: 4440.330 Thread 0x000001fb385b8b50 Exception <a 'java/lang/ClassNotFoundException'{0x0000000098b7d5a0}: fr/hb/asl/calendrier_gif/business/GifCustomizer> (0x0000000098b7d5a0) 
thrown [s\src\hotspot\share\classfile\systemDictionary.cpp, line 305]
Event: 4440.331 Thread 0x000001fb385b8b50 Exception <a 'java/lang/ClassNotFoundException'{0x0000000098b8bc38}: fr/hb/asl/calendrier_gif/business/GifDistantCustomizer> (0x0000000098b8bc38) 
thrown [s\src\hotspot\share\classfile\systemDictionary.cpp, line 305]
Event: 4440.449 Thread 0x000001fb385b8b50 Exception <a 'java/lang/ClassNotFoundException'{0x0000000098992310}: java/lang/ObjectCustomizer> (0x0000000098992310) 
thrown [s\src\hotspot\share\classfile\systemDictionary.cpp, line 305]
Event: 4440.451 Thread 0x000001fb385b8b50 Exception <a 'java/lang/ClassNotFoundException'{0x000000009899b158}: fr/hb/asl/calendrier_gif/business/ReactionCustomizer> (0x000000009899b158) 
thrown [s\src\hotspot\share\classfile\systemDictionary.cpp, line 305]
Event: 4653.645 Thread 0x000001fb399ea810 Exception <a 'java/io/IOException'{0x000000009e06ddd0}> (0x000000009e06ddd0) 
thrown [s\src\hotspot\share\prims\jni.cpp, line 519]
Event: 4670.792 Thread 0x000001fb399ed290 Exception <a 'java/io/IOException'{0x000000009d71fe48}> (0x000000009d71fe48) 
thrown [s\src\hotspot\share\prims\jni.cpp, line 519]
Event: 5942.415 Thread 0x000001fb399ee280 Exception <a 'java/io/IOException'{0x000000009c3fadd8}> (0x000000009c3fadd8) 
thrown [s\src\hotspot\share\prims\jni.cpp, line 519]
Event: 6543.711 Thread 0x000001fb399ee280 Exception <a 'java/io/IOException'{0x000000009ac9a4c8}> (0x000000009ac9a4c8) 
thrown [s\src\hotspot\share\prims\jni.cpp, line 519]
Event: 6596.160 Thread 0x000001fb399ea810 Exception <a 'java/lang/NoSuchMethodError'{0x000000009de91380}: 'long java.lang.invoke.DelegatingMethodHandle$Holder.reinvoke_L(java.lang.Object, java.lang.Object)'> (0x000000009de91380) 
thrown [s\src\hotspot\share\interpreter\linkResolver.cpp, line 773]
Event: 6609.403 Thread 0x000001fb399eb800 Exception <a 'java/lang/ClassNotFoundException'{0x000000009d7c9918}: java/lang/ObjectCustomizer> (0x000000009d7c9918) 
thrown [s\src\hotspot\share\classfile\systemDictionary.cpp, line 305]
Event: 6609.408 Thread 0x000001fb399eb800 Exception <a 'java/lang/ClassNotFoundException'{0x000000009d7d7018}: fr/hb/asl/calendrier_gif/business/UtilisateurCustomizer> (0x000000009d7d7018) 
thrown [s\src\hotspot\share\classfile\systemDictionary.cpp, line 305]
Event: 8435.852 Thread 0x000001fb385b3650 Exception <a 'java/lang/NoSuchMethodError'{0x0000000097c070c8}: static Lorg/springframework/security/authentication/AbstractAuthenticationToken;.<clinit>()V> (0x0000000097c070c8) 
thrown [s\src\hotspot\share\prims\jni.cpp, line 1105]
Event: 8436.025 Thread 0x000001fb385b4b90 Exception <a 'java/lang/InterruptedException'{0x0000000097c9f758}: sleep interrupted> (0x0000000097c9f758) 
thrown [s\src\hotspot\share\prims\jvm.cpp, line 3086]

VM Operations (20 events):
Event: 7994.084 Executing VM operation: Cleanup done
Event: 8005.156 Executing VM operation: Cleanup
Event: 8005.156 Executing VM operation: Cleanup done
Event: 8225.406 Executing VM operation: G1CollectForAllocation
Event: 8225.622 Executing VM operation: G1CollectForAllocation done
Event: 8237.692 Executing VM operation: Cleanup
Event: 8237.692 Executing VM operation: Cleanup done
Event: 8395.623 Executing VM operation: Cleanup
Event: 8395.624 Executing VM operation: Cleanup done
Event: 8396.628 Executing VM operation: Cleanup
Event: 8396.628 Executing VM operation: Cleanup done
Event: 8433.891 Executing VM operation: Cleanup
Event: 8433.955 Executing VM operation: Cleanup done
Event: 8434.969 Executing VM operation: Cleanup
Event: 8434.998 Executing VM operation: Cleanup done
Event: 8436.001 Executing VM operation: Cleanup
Event: 8436.002 Executing VM operation: Cleanup done
Event: 8437.016 Executing VM operation: Cleanup
Event: 8437.096 Executing VM operation: Cleanup done
Event: 8437.318 Executing VM operation: G1CollectFull

Events (20 events):
Event: 8432.922 Thread 0x000001fb385b3650 Thread added: 0x000001fb385b3650
Event: 8432.929 Thread 0x000001fb385b2bb0 Thread exited: 0x000001fb385b2bb0
Event: 8434.552 Thread 0x000001fb399ef7c0 Thread exited: 0x000001fb399ef7c0
Event: 8436.010 Thread 0x000001fb399ef270 Thread exited: 0x000001fb399ef270
Event: 8436.015 Thread 0x000001fb385b3ba0 Thread exited: 0x000001fb385b3ba0
Event: 8436.015 Thread 0x000001fb399ead60 Thread exited: 0x000001fb399ead60
Event: 8436.015 Thread 0x000001fb399ee7d0 Thread exited: 0x000001fb399ee7d0
Event: 8436.016 Thread 0x000001fb385b80b0 Thread exited: 0x000001fb385b80b0
Event: 8436.016 Thread 0x000001fb399eb800 Thread exited: 0x000001fb399eb800
Event: 8436.017 Thread 0x000001fb385b50e0 Thread exited: 0x000001fb385b50e0
Event: 8436.016 Thread 0x000001fb385b3100 Thread exited: 0x000001fb385b3100
Event: 8436.017 Thread 0x000001fb399ee280 Thread exited: 0x000001fb399ee280
Event: 8436.025 Thread 0x000001fb385b4b90 Thread exited: 0x000001fb385b4b90
Event: 8436.025 Thread 0x000001fb399ed290 Thread exited: 0x000001fb399ed290
Event: 8436.026 Thread 0x000001fb399ea810 Thread exited: 0x000001fb399ea810
Event: 8436.038 Thread 0x000001fb385b8600 Thread exited: 0x000001fb385b8600
Event: 8436.134 Thread 0x000001fb385ba090 Thread exited: 0x000001fb385ba090
Event: 8436.969 Thread 0x000001fb385b3100 Thread added: 0x000001fb385b3100
Event: 8436.971 Thread 0x000001fb385b6b70 Thread exited: 0x000001fb385b6b70
Event: 8437.094 Thread 0x000001fb385b3100 Thread exited: 0x000001fb385b3100


Dynamic libraries:
0x00007ff656530000 - 0x00007ff65653e000 	C:\Users\HB\.p2\pool\plugins\org.eclipse.justj.openjdk.hotspot.jre.full.win32.x86_64_20.0.1.v20230425-1611\jre\bin\javaw.exe
0x00007fff92310000 - 0x00007fff92508000 	C:\Windows\SYSTEM32\ntdll.dll
0x00007fff90fb0000 - 0x00007fff9106f000 	C:\Windows\System32\KERNEL32.DLL
0x00007fff8faa0000 - 0x00007fff8fd96000 	C:\Windows\System32\KERNELBASE.dll
0x00007fff8ff60000 - 0x00007fff90060000 	C:\Windows\System32\ucrtbase.dll
0x00007fff8ac30000 - 0x00007fff8ac47000 	C:\Users\HB\.p2\pool\plugins\org.eclipse.justj.openjdk.hotspot.jre.full.win32.x86_64_20.0.1.v20230425-1611\jre\bin\jli.dll
0x00007fff920d0000 - 0x00007fff9226d000 	C:\Windows\System32\USER32.dll
0x00007fff8fda0000 - 0x00007fff8fdc2000 	C:\Windows\System32\win32u.dll
0x00007fff90da0000 - 0x00007fff90dcc000 	C:\Windows\System32\GDI32.dll
0x00007fff90060000 - 0x00007fff90175000 	C:\Windows\System32\gdi32full.dll
0x00007fff85080000 - 0x00007fff8531a000 	C:\Windows\WinSxS\amd64_microsoft.windows.common-controls_6595b64144ccf1df_6.0.19041.1110_none_60b5254171f9507e\COMCTL32.dll
0x00007fff90240000 - 0x00007fff902dd000 	C:\Windows\System32\msvcp_win.dll
0x00007fff90ad0000 - 0x00007fff90b6e000 	C:\Windows\System32\msvcrt.dll
0x00007fff885b0000 - 0x00007fff885cb000 	C:\Users\HB\.p2\pool\plugins\org.eclipse.justj.openjdk.hotspot.jre.full.win32.x86_64_20.0.1.v20230425-1611\jre\bin\VCRUNTIME140.dll
0x00007fff90790000 - 0x00007fff907c0000 	C:\Windows\System32\IMM32.DLL
0x00007fff8a2d0000 - 0x00007fff8a2dc000 	C:\Users\HB\.p2\pool\plugins\org.eclipse.justj.openjdk.hotspot.jre.full.win32.x86_64_20.0.1.v20230425-1611\jre\bin\vcruntime140_1.dll
0x00007fff76310000 - 0x00007fff7639d000 	C:\Users\HB\.p2\pool\plugins\org.eclipse.justj.openjdk.hotspot.jre.full.win32.x86_64_20.0.1.v20230425-1611\jre\bin\msvcp140.dll
0x00007fff59c70000 - 0x00007fff5a97e000 	C:\Users\HB\.p2\pool\plugins\org.eclipse.justj.openjdk.hotspot.jre.full.win32.x86_64_20.0.1.v20230425-1611\jre\bin\server\jvm.dll
0x00007fff90c50000 - 0x00007fff90cff000 	C:\Windows\System32\ADVAPI32.dll
0x00007fff90d00000 - 0x00007fff90d9c000 	C:\Windows\System32\sechost.dll
0x00007fff91ed0000 - 0x00007fff91ff6000 	C:\Windows\System32\RPCRT4.dll
0x00007fff8a7b0000 - 0x00007fff8a7b9000 	C:\Windows\SYSTEM32\WSOCK32.dll
0x00007fff861b0000 - 0x00007fff861d7000 	C:\Windows\SYSTEM32\WINMM.dll
0x00007fff861e0000 - 0x00007fff861ea000 	C:\Windows\SYSTEM32\VERSION.dll
0x00007fff92000000 - 0x00007fff9206b000 	C:\Windows\System32\WS2_32.dll
0x00007fff8e270000 - 0x00007fff8e282000 	C:\Windows\SYSTEM32\kernel.appcore.dll
0x00007fff8b290000 - 0x00007fff8b29a000 	C:\Users\HB\.p2\pool\plugins\org.eclipse.justj.openjdk.hotspot.jre.full.win32.x86_64_20.0.1.v20230425-1611\jre\bin\jimage.dll
0x00007fff8dcc0000 - 0x00007fff8dea4000 	C:\Windows\SYSTEM32\DBGHELP.DLL
0x00007fff83b50000 - 0x00007fff83b84000 	C:\Windows\SYSTEM32\dbgcore.DLL
0x00007fff902e0000 - 0x00007fff90362000 	C:\Windows\System32\bcryptPrimitives.dll
0x00007fff85840000 - 0x00007fff85866000 	C:\Users\HB\.p2\pool\plugins\org.eclipse.justj.openjdk.hotspot.jre.full.win32.x86_64_20.0.1.v20230425-1611\jre\bin\java.dll
0x00007fff8a910000 - 0x00007fff8a928000 	C:\Users\HB\.p2\pool\plugins\org.eclipse.justj.openjdk.hotspot.jre.full.win32.x86_64_20.0.1.v20230425-1611\jre\bin\zip.dll
0x00007fff916a0000 - 0x00007fff91de4000 	C:\Windows\System32\SHELL32.dll
0x00007fff8d520000 - 0x00007fff8dcb3000 	C:\Windows\SYSTEM32\windows.storage.dll
0x00007fff90430000 - 0x00007fff90784000 	C:\Windows\System32\combase.dll
0x00007fff8f3c0000 - 0x00007fff8f3ee000 	C:\Windows\SYSTEM32\Wldp.dll
0x00007fff90f00000 - 0x00007fff90fad000 	C:\Windows\System32\SHCORE.dll
0x00007fff90950000 - 0x00007fff909a5000 	C:\Windows\System32\shlwapi.dll
0x00007fff8f920000 - 0x00007fff8f945000 	C:\Windows\SYSTEM32\profapi.dll
0x00007fff886c0000 - 0x00007fff886d3000 	C:\Users\HB\.p2\pool\plugins\org.eclipse.justj.openjdk.hotspot.jre.full.win32.x86_64_20.0.1.v20230425-1611\jre\bin\net.dll
0x00007fff86c00000 - 0x00007fff86d0a000 	C:\Windows\SYSTEM32\WINHTTP.dll
0x00007fff8f0c0000 - 0x00007fff8f12a000 	C:\Windows\system32\mswsock.dll
0x00007fff885e0000 - 0x00007fff885f6000 	C:\Users\HB\.p2\pool\plugins\org.eclipse.justj.openjdk.hotspot.jre.full.win32.x86_64_20.0.1.v20230425-1611\jre\bin\nio.dll
0x00007fff8a7c0000 - 0x00007fff8a7d0000 	C:\Users\HB\.p2\pool\plugins\org.eclipse.justj.openjdk.hotspot.jre.full.win32.x86_64_20.0.1.v20230425-1611\jre\bin\verify.dll
0x00007fff89450000 - 0x00007fff89459000 	C:\Users\HB\.p2\pool\plugins\org.eclipse.justj.openjdk.hotspot.jre.full.win32.x86_64_20.0.1.v20230425-1611\jre\bin\management.dll
0x00007fff86140000 - 0x00007fff8614b000 	C:\Users\HB\.p2\pool\plugins\org.eclipse.justj.openjdk.hotspot.jre.full.win32.x86_64_20.0.1.v20230425-1611\jre\bin\management_ext.dll
0x00007fff90850000 - 0x00007fff90858000 	C:\Windows\System32\PSAPI.DLL
0x00007fff790b0000 - 0x00007fff790c7000 	C:\Windows\system32\napinsp.dll
0x00007fff79090000 - 0x00007fff790ab000 	C:\Windows\system32\pnrpnsp.dll
0x00007fff79070000 - 0x00007fff79085000 	C:\Windows\system32\wshbth.dll
0x00007fff88740000 - 0x00007fff8875d000 	C:\Windows\system32\NLAapi.dll
0x00007fff8edb0000 - 0x00007fff8edeb000 	C:\Windows\SYSTEM32\IPHLPAPI.DLL
0x00007fff8edf0000 - 0x00007fff8eeba000 	C:\Windows\SYSTEM32\DNSAPI.dll
0x00007fff91070000 - 0x00007fff91078000 	C:\Windows\System32\NSI.dll
0x00007fff79050000 - 0x00007fff79062000 	C:\Windows\System32\winrnr.dll
0x00007fff85bf0000 - 0x00007fff85bfa000 	C:\Windows\System32\rasadhlp.dll
0x00007fff85370000 - 0x00007fff853f2000 	C:\Windows\System32\fwpuclnt.dll
0x00007fff8ff30000 - 0x00007fff8ff57000 	C:\Windows\System32\bcrypt.dll
0x00007fff8f2b0000 - 0x00007fff8f2c8000 	C:\Windows\SYSTEM32\CRYPTSP.dll
0x00007fff8e9d0000 - 0x00007fff8ea04000 	C:\Windows\system32\rsaenh.dll
0x00007fff8f8e0000 - 0x00007fff8f90e000 	C:\Windows\SYSTEM32\USERENV.dll
0x00007fff8f2d0000 - 0x00007fff8f2dc000 	C:\Windows\SYSTEM32\CRYPTBASE.dll
0x00007fff88700000 - 0x00007fff88717000 	C:\Windows\SYSTEM32\dhcpcsvc6.DLL
0x00007fff88480000 - 0x00007fff8849d000 	C:\Windows\SYSTEM32\dhcpcsvc.DLL
0x00007fff8ac80000 - 0x00007fff8ac8e000 	C:\Users\HB\.p2\pool\plugins\org.eclipse.justj.openjdk.hotspot.jre.full.win32.x86_64_20.0.1.v20230425-1611\jre\bin\sunmscapi.dll
0x00007fff8fdd0000 - 0x00007fff8ff2e000 	C:\Windows\System32\CRYPT32.dll
0x00007fff8f430000 - 0x00007fff8f458000 	C:\Windows\SYSTEM32\ncrypt.dll
0x00007fff8f3f0000 - 0x00007fff8f42b000 	C:\Windows\SYSTEM32\NTASN1.dll
0x00007fff8a7a0000 - 0x00007fff8a7a7000 	C:\Users\HB\.p2\pool\plugins\org.eclipse.justj.openjdk.hotspot.jre.full.win32.x86_64_20.0.1.v20230425-1611\jre\bin\extnet.dll
0x00007fff89560000 - 0x00007fff89567000 	C:\Windows\system32\wshunix.dll

dbghelp: loaded successfully - version: 4.0.5 - missing functions: none
symbol engine: initialized successfully - sym options: 0x614 - pdb path: .;C:\Users\HB\.p2\pool\plugins\org.eclipse.justj.openjdk.hotspot.jre.full.win32.x86_64_20.0.1.v20230425-1611\jre\bin;C:\Windows\SYSTEM32;C:\Windows\WinSxS\amd64_microsoft.windows.common-controls_6595b64144ccf1df_6.0.19041.1110_none_60b5254171f9507e;C:\Users\HB\.p2\pool\plugins\org.eclipse.justj.openjdk.hotspot.jre.full.win32.x86_64_20.0.1.v20230425-1611\jre\bin\server

VM Arguments:
jvm_args: -Dfile.encoding=UTF-8 -XX:+ShowCodeDetailsInExceptionMessages 
java_command: fr.hb.asl.calendrier_gif.CalendrierGifApplication
java_class_path (initial): C:\Users\HB\eclipse-workspace\calendrier_gif\calendrier_gif\target\classes;C:\Users\HB\.m2\repository\org\springframework\boot\spring-boot-starter-actuator\2.7.15\spring-boot-starter-actuator-2.7.15.jar;C:\Users\HB\.m2\repository\org\springframework\boot\spring-boot-starter\2.7.15\spring-boot-starter-2.7.15.jar;C:\Users\HB\.m2\repository\org\springframework\boot\spring-boot-starter-logging\2.7.15\spring-boot-starter-logging-2.7.15.jar;C:\Users\HB\.m2\repository\ch\qos\logback\logback-classic\1.2.12\logback-classic-1.2.12.jar;C:\Users\HB\.m2\repository\ch\qos\logback\logback-core\1.2.12\logback-core-1.2.12.jar;C:\Users\HB\.m2\repository\org\apache\logging\log4j\log4j-to-slf4j\2.17.2\log4j-to-slf4j-2.17.2.jar;C:\Users\HB\.m2\repository\org\slf4j\jul-to-slf4j\1.7.36\jul-to-slf4j-1.7.36.jar;C:\Users\HB\.m2\repository\jakarta\annotation\jakarta.annotation-api\1.3.5\jakarta.annotation-api-1.3.5.jar;C:\Users\HB\.m2\repository\org\yaml\snakeyaml\1.30\snakeyaml-1.30.jar;C:\Users\HB\.m2\repository\org\springframework\boot\spring-boot-actuator-autoconfigure\2.7.15\spring-boot-actuator-autoconfigure-2.7.15.jar;C:\Users\HB\.m2\repository\org\springframework\boot\spring-boot-actuator\2.7.15\spring-boot-actuator-2.7.15.jar;C:\Users\HB\.m2\repository\com\fasterxml\jackson\core\jackson-databind\2.13.5\jackson-databind-2.13.5.jar;C:\Users\HB\.m2\repository\com\fasterxml\jackson\core\jackson-core\2.13.5\jackson-core-2.13.5.jar;C:\Users\HB\.m2\repository\com\fasterxml\jackson\datatype\jackson-datatype-jsr310\2.13.5\jackson-datatype-jsr310-2.13.5.jar;C:\Users\HB\.m2\repository\io\micrometer\micrometer-core\1.9.14\micrometer-core-1.9.14.jar;C:\Users\HB\.m2\repository\org\hdrhistogram\HdrHistogram\2.1.12\HdrHistogram-2.1.12.jar;C:\Users\HB\.m2\repository\org\latencyutils\LatencyUtils\2.0.3\LatencyUtils-2.0.3.jar;C:\Users\HB\.m2\repository\org\springframework\boot\spring-boot-starter-data-jpa\2.7.15\spring-boot-starter-data-jpa-2.7.15.jar;C:\Users\HB\.m2\repository\org\springframework\boot\spring-boot-starter-aop\2.7.15\spring-boot-starter-aop-2.7.15.jar;C:\Users\HB\.m2\repository\org\aspectj\aspectjweaver\1.9.7\aspectjweaver-1.9.7.jar;C:\Users\HB\.m2\repository\org\springframework\boot\spring-boot-starter-jdbc\2.7.15\spring-boot-starter-jdbc-2.7.15.jar;C:\Users\HB\.m2\repository\com\zaxxer\HikariCP\4.0.3\HikariCP-4.0.3.jar;C:\Users\HB\.m2\repository\org\springframework\spring-jdbc\5.3.29\spring-jdbc-5.3.29.jar;C:\Users\HB\.m2\repository\jakarta\transaction\jakarta.transaction-api\1.3.3\jakarta.transaction-api-1.3.3.jar;C:\Users\HB\.m2\repository\jakarta\persistence\jakarta.persistence-api\2.2.3\jakarta.persistence-api-2.2.3.jar;C:\Users\HB\.m2\repository\org\hibernate\hibernate-core\5.6.15.Final\hibernate-core-5.6.15.Final.jar;C:\Users\HB\.m2\repository\org\jboss\logging\jboss-logging\3.4.3.Final\jboss-logging-3.4.3.Final.jar;C:\Users\HB\.m2\repository\net\bytebuddy\byte-buddy\1.12.23\byte-buddy-1.12.23.jar;C:\Users\HB\.m2\repository\antlr\antlr\2.7.7\antlr-2.7.7.jar;C:\Users\HB\.m2\repository\org\jboss\jandex\2.4.2.Final\jandex-2.4.2.Final.jar;C:\Users\HB\.m2\repository\com\fasterxml\classmate\1.5.1\classmate-1.5.1.jar;C:\Users\HB\.m2\repository\org\hibernate\common\hibernate-commons-annotations\5.1.2.Final\hibernate-commons-annotations-5.1.2.Final.jar;C:\Users\HB\.m2\repository\org\glassfish\jaxb\jaxb-runtime\2.3.8\jaxb-runtime-2.3.8.jar;C:\Users\HB\.m2\repository\org\glassfish\jaxb\txw2\2.3.8\txw2-2.3.8.jar;C:\Users\HB\.m2\repository\com\sun\istack\istack-commons-runtime\3.0.12\istack-commons-runtime-3.0.12.jar;C:\Users\HB\.m2\repository\com\sun\activation\jakarta.activation\1.2.2\jakarta.activation-1.2.2.jar;C:\Users\HB\.m2\repository\org\springframework\data\spring-data-jpa\2.7.15\spring-data-jpa-2.7.15.jar;C:\Users\HB\.m2\repository\org\springframework\data\spring-data-commons\2.7.15\spring-data-commons-2.7.15.jar;C:\Users\HB\.m2\repository\org\springframework\spring-orm\5.3.29\spring-orm-5.3.29.jar;C:\Users\HB\.m2\repository\org\springframework\spring-context\5.3.29\spring-context-5.3.29.jar;C:\Users\HB\.m2\repository\org\springframework\spring-tx\5.3.29\spring-tx-5.3.29.jar;C:\Users\HB\.m2\repository\org\springframework\spring-beans\5.3.29\spring-beans-5.3.29.jar;C:\Users\HB\.m2\repository\org\slf4j\slf4j-api\1.7.36\slf4j-api-1.7.36.jar;C:\Users\HB\.m2\repository\org\springframework\spring-aspects\5.3.29\spring-aspects-5.3.29.jar;C:\Users\HB\.m2\repository\org\springframework\boot\spring-boot-starter-data-rest\2.7.15\spring-boot-starter-data-rest-2.7.15.jar;C:\Users\HB\.m2\repository\org\springframework\data\spring-data-rest-webmvc\3.7.15\spring-data-rest-webmvc-3.7.15.jar;C:\Users\HB\.m2\repository\org\springframework\data\spring-data-rest-core\3.7.15\spring-data-rest-core-3.7.15.jar;C:\Users\HB\.m2\repository\org\springframework\hateoas\spring-hateoas\1.5.5\spring-hateoas-1.5.5.jar;C:\Users\HB\.m2\repository\org\springframework\plugin\spring-plugin-core\2.0.0.RELEASE\spring-plugin-core-2.0.0.RELEASE.jar;C:\Users\HB\.m2\repository\org\atteo\evo-inflector\1.3\evo-inflector-1.3.jar;C:\Users\HB\.m2\repository\com\fasterxml\jackson\core\jackson-annotations\2.13.5\jackson-annotations-2.13.5.jar;C:\Users\HB\.m2\repository\org\springframework\boot\spring-boot-starter-validation\2.7.15\spring-boot-starter-validation-2.7.15.jar;C:\Users\HB\.m2\repository\org\apache\tomcat\embed\tomcat-embed-el\9.0.79\tomcat-embed-el-9.0.79.jar;C:\Users\HB\.m2\repository\org\hibernate\validator\hibernate-validator\6.2.5.Final\hibernate-validator-6.2.5.Final.jar;C:\Users\HB\.m2\repository\jakarta\validation\jakarta.validation-api\2.0.2\jakarta.validation-api-2.0.2.jar;C:\Users\HB\.m2\repository\org\springframework\boot\spring-boot-starter-web\2.7.15\spring-boot-starter-web-2.7.15.jar;C:\Users\HB\.m2\repository\org\springframework\boot\spring-boot-starter-json\2.7.15\spring-boot-starter-json-2.7.15.jar;C:\Users\HB\.m2\repository\com\fasterxml\jackson\datatype\jackson-datatype-jdk8\2.13.5\jackson-datatype-jdk8-2.13.5.jar;C:\Users\HB\.m2\repository\com\fasterxml\jackson\module\jackson-module-parameter-names\2.13.5\jackson-module-parameter-names-2.13.5.jar;C:\Users\HB\.m2\repository\org\springframework\boot\spring-boot-starter-tomcat\2.7.15\spring-boot-starter-tomcat-2.7.15.jar;C:\Users\HB\.m2\repository\org\apache\tomcat\embed\tomcat-embed-websocket\9.0.79\tomcat-embed-websocket-9.0.79.jar;C:\Users\HB\.m2\repository\org\springframework\spring-web\5.3.29\spring-web-5.3.29.jar;C:\Users\HB\.m2\repository\org\springframework\spring-webmvc\5.3.29\spring-webmvc-5.3.29.jar;C:\Users\HB\.m2\repository\org\springframework\spring-expression\5.3.29\spring-expression-5.3.29.jar;C:\Users\HB\.m2\repository\org\springframework\boot\spring-boot-devtools\2.7.15\spring-boot-devtools-2.7.15.jar;C:\Users\HB\.m2\repository\org\springframework\boot\spring-boot\2.7.15\spring-boot-2.7.15.jar;C:\Users\HB\.m2\repository\org\springframework\boot\spring-boot-autoconfigure\2.7.15\spring-boot-autoconfigure-2.7.15.jar;C:\Users\HB\.m2\repository\com\h2database\h2\2.1.214\h2-2.1.214.jar;C:\Users\HB\.m2\repository\org\projectlombok\lombok\1.18.28\lombok-1.18.28.jar;C:\Users\HB\.m2\repository\com\jayway\jsonpath\json-path\2.7.0\json-path-2.7.0.jar;C:\Users\HB\.m2\repository\net\minidev\json-smart\2.4.11\json-smart-2.4.11.jar;C:\Users\HB\.m2\repository\net\minidev\accessors-smart\2.4.11\accessors-smart-2.4.11.jar;C:\Users\HB\.m2\repository\org\ow2\asm\asm\9.3\asm-9.3.jar;C:\Users\HB\.m2\repository\jakarta\xml\bind\jakarta.xml.bind-api\2.3.3\jakarta.xml.bind-api-2.3.3.jar;C:\Users\HB\.m2\repository\jakarta\activation\jakarta.activation-api\1.2.2\jakarta.activation-api-1.2.2.jar;C:\Users\HB\.m2\repository\org\springframework\spring-core\5.3.29\spring-core-5.3.29.jar;C:\Users\HB\.m2\repository\org\springframework\spring-jcl\5.3.29\spring-jcl-5.3.29.jar;C:\Users\HB\.m2\repository\org\springframework\spring-test\5.3.29\spring-test-5.3.29.jar;C:\Users\HB\.m2\repository\com\github\javafaker\javafaker\1.0.2\javafaker-1.0.2.jar;C:\Users\HB\.m2\repository\org\apache\commons\commons-lang3\3.12.0\commons-lang3-3.12.0.jar;C:\Users\HB\.m2\repository\org\yaml\snakeyaml\1.23\snakeyaml-1.23-android.jar;C:\Users\HB\.m2\repository\com\github\mifmif\generex\1.0.2\generex-1.0.2.jar;C:\Users\HB\.m2\repository\dk\brics\automaton\automaton\1.11-8\automaton-1.11-8.jar;C:\Users\HB\.m2\repository\org\apache\tomcat\embed\tomcat-embed-jasper\9.0.79\tomcat-embed-jasper-9.0.79.jar;C:\Users\HB\.m2\repository\org\apache\tomcat\embed\tomcat-embed-core\9.0.79\tomcat-embed-core-9.0.79.jar;C:\Users\HB\.m2\repository\org\apache\tomcat\tomcat-annotations-api\9.0.79\tomcat-annotations-api-9.0.79.jar;C:\Users\HB\.m2\repository\org\eclipse\jdt\ecj\3.26.0\ecj-3.26.0.jar;C:\Users\HB\.m2\repository\javax\servlet\jstl\1.2\jstl-1.2.jar;C:\Users\HB\.m2\repository\com\lowagie\itext\2.1.7\itext-2.1.7.jar;C:\Users\HB\.m2\repository\bouncycastle\bcmail-jdk14\138\bcmail-jdk14-138.jar;C:\Users\HB\.m2\repository\bouncycastle\bcprov-jdk14\138\bcprov-jdk14-138.jar;C:\Users\HB\.m2\repository\org\bouncycastle\bctsp-jdk14\1.38\bctsp-jdk14-1.38.jar;C:\Users\HB\.m2\repository\org\bouncycastle\bcprov-jdk14\1.38\bcprov-jdk14-1.38.jar;C:\Users\HB\.m2\repository\org\bouncycastle\bcmail-jdk14\1.38\bcmail-jdk14-1.38.jar;C:\Users\HB\.m2\repository\org\apache\poi\poi\5.2.3\poi-5.2.3.jar;C:\Users\HB\.m2\repository\commons-codec\commons-codec\1.15\commons-codec-1.15.jar;C:\Users\HB\.m2\repository\org\apache\commons\commons-collections4\4.4\commons-collections4-4.4.jar;C:\Users\HB\.m2\repository\org\apache\commons\commons-math3\3.6.1\commons-math3-3.6.1.jar;C:\Users\HB\.m2\repository\commons-io\commons-io\2.11.0\commons-io-2.11.0.jar;C:\Users\HB\.m2\repository\com\zaxxer\SparseBitSet\1.2\SparseBitSet-1.2.jar;C:\Users\HB\.m2\repository\org\apache\logging\log4j\log4j-api\2.17.2\log4j-api-2.17.2.jar;C:\Users\HB\.m2\repository\org\springdoc\springdoc-openapi-ui\1.7.0\springdoc-openapi-ui-1.7.0.jar;C:\Users\HB\.m2\repository\org\springdoc\springdoc-openapi-webmvc-core\1.7.0\springdoc-openapi-webmvc-core-1.7.0.jar;C:\Users\HB\.m2\repository\org\springdoc\springdoc-openapi-common\1.7.0\springdoc-openapi-common-1.7.0.jar;C:\Users\HB\.m2\repository\io\swagger\core\v3\swagger-core\2.2.9\swagger-core-2.2.9.jar;C:\Users\HB\.m2\repository\com\fasterxml\jackson\dataformat\jackson-dataformat-yaml\2.13.5\jackson-dataformat-yaml-2.13.5.jar;C:\Users\HB\.m2\repository\io\swagger\core\v3\swagger-annotations\2.2.9\swagger-annotations-2.2.9.jar;C:\Users\HB\.m2\repository\io\swagger\core\v3\swagger-models\2.2.9\swagger-models-2.2.9.jar;C:\Users\HB\.m2\repository\org\webjars\swagger-ui\4.18.2\swagger-ui-4.18.2.jar;C:\Users\HB\.m2\repository\org\springframework\boot\spring-boot-starter-thymeleaf\2.7.15\spring-boot-starter-thymeleaf-2.7.15.jar;C:\Users\HB\.m2\repository\org\thymeleaf\thymeleaf-spring5\3.0.15.RELEASE\thymeleaf-spring5-3.0.15.RELEASE.jar;C:\Users\HB\.m2\repository\org\thymeleaf\thymeleaf\3.0.15.RELEASE\thymeleaf-3.0.15.RELEASE.jar;C:\Users\HB\.m2\repository\org\attoparser\attoparser\2.0.5.RELEASE\attoparser-2.0.5.RELEASE.jar;C:\Users\HB\.m2\repository\org\unbescape\unbescape\1.1.6.RELEASE\unbescape-1.1.6.RELEASE.jar;C:\Users\HB\.m2\repository\org\thymeleaf\extras\thymeleaf-extras-java8time\3.0.4.RELEASE\thymeleaf-extras-java8time-3.0.4.RELEASE.jar;C:\Users\HB\.m2\repository\org\mapstruct\mapstruct\1.5.3.Final\mapstruct-1.5.3.Final.jar;C:\Users\HB\.m2\repository\org\seleniumhq\selenium\selenium-java\4.1.4\selenium-java-4.1.4.jar;C:\Users\HB\.m2\repository\org\seleniumhq\selenium\selenium-api\4.1.4\selenium-api-4.1.4.jar;C:\Users\HB\.m2\repository\org\seleniumhq\selenium\selenium-chrome-driver\4.1.4\selenium-chrome-driver-4.1.4.jar;C:\Users\HB\.m2\repository\com\google\auto\service\auto-service-annotations\1.0.1\auto-service-annotations-1.0.1.jar;C:\Users\HB\.m2\repository\com\google\auto\service\auto-service\1.0.1\auto-service-1.0.1.jar;C:\Users\HB\.m2\repository\com\google\auto\auto-common\1.2\auto-common-1.2.jar;C:\Users\HB\.m2\repository\com\google\guava\guava\31.1-jre\guava-31.1-jre.jar;C:\Users\HB\.m2\repository\com\google\guava\failureaccess\1.0.1\failureaccess-1.0.1.jar;C:\Users\HB\.m2\repository\com\google\guava\listenablefuture\9999.0-empty-to-avoid-conflict-with-guava\listenablefuture-9999.0-empty-to-avoid-conflict-with-guava.jar;C:\Users\HB\.m2\repository\com\google\code\findbugs\jsr305\3.0.2\jsr305-3.0.2.jar;C:\Users\HB\.m2\repository\org\checkerframework\checker-qual\3.12.0\checker-qual-3.12.0.jar;C:\Users\HB\.m2\repository\com\google\errorprone\error_prone_annotations\2.11.0\error_prone_annotations-2.11.0.jar;C:\Users\HB\.m2\repository\com\google\j2objc\j2objc-annotations\1.3\j2objc-annotations-1.3.jar;C:\Users\HB\.m2\repository\org\seleniumhq\selenium\selenium-chromium-driver\4.1.4\selenium-chromium-driver-4.1.4.jar;C:\Users\HB\.m2\repository\org\seleniumhq\selenium\selenium-json\4.1.4\selenium-json-4.1.4.jar;C:\Users\HB\.m2\repository\org\seleniumhq\selenium\selenium-devtools-v100\4.1.4\selenium-devtools-v100-4.1.4.jar;C:\Users\HB\.m2\repository\org\seleniumhq\selenium\selenium-devtools-v101\4.1.4\selenium-devtools-v101-4.1.4.jar;C:\Users\HB\.m2\repository\org\seleniumhq\selenium\selenium-devtools-v85\4.1.4\selenium-devtools-v85-4.1.4.jar;C:\Users\HB\.m2\repository\org\seleniumhq\selenium\selenium-devtools-v99\4.1.4\selenium-devtools-v99-4.1.4.jar;C:\Users\HB\.m2\repository\org\seleniumhq\selenium\selenium-edge-driver\4.1.4\selenium-edge-driver-4.1.4.jar;C:\Users\HB\.m2\repository\org\seleniumhq\selenium\selenium-firefox-driver\4.1.4\selenium-firefox-driver-4.1.4.jar;C:\Users\HB\.m2\repository\org\seleniumhq\selenium\selenium-ie-driver\4.1.4\selenium-ie-driver-4.1.4.jar;C:\Users\HB\.m2\repository\org\seleniumhq\selenium\selenium-opera-driver\4.1.4\selenium-opera-driver-4.1.4.jar;C:\Users\HB\.m2\repository\org\seleniumhq\selenium\selenium-remote-driver\4.1.4\selenium-remote-driver-4.1.4.jar;C:\Users\HB\.m2\repository\com\beust\jcommander\1.82\jcommander-1.82.jar;C:\Users\HB\.m2\repository\io\netty\netty-buffer\4.1.97.Final\netty-buffer-4.1.97.Final.jar;C:\Users\HB\.m2\repository\io\netty\netty-codec-http\4.1.97.Final\netty-codec-http-4.1.97.Final.jar;C:\Users\HB\.m2\repository\io\netty\netty-codec\4.1.97.Final\netty-codec-4.1.97.Final.jar;C:\Users\HB\.m2\repository\io\netty\netty-handler\4.1.97.Final\netty-handler-4.1.97.Final.jar;C:\Users\HB\.m2\repository\io\netty\netty-common\4.1.97.Final\netty-common-4.1.97.Final.jar;C:\Users\HB\.m2\repository\io\netty\netty-transport-classes-epoll\4.1.97.Final\netty-transport-classes-epoll-4.1.97.Final.jar;C:\Users\HB\.m2\repository\io\netty\netty-transport-classes-kqueue\4.1.97.Final\netty-transport-classes-kqueue-4.1.97.Final.jar;C:\Users\HB\.m2\repository\io\netty\netty-transport-native-epoll\4.1.97.Final\netty-transport-native-epoll-4.1.97.Final.jar;C:\Users\HB\.m2\repository\io\netty\netty-transport-native-kqueue\4.1.97.Final\netty-transport-native-kqueue-4.1.97.Final.jar;C:\Users\HB\.m2\repository\io\netty\netty-transport-native-unix-common\4.1.97.Final\netty-transport-native-unix-common-4.1.97.Final.jar;C:\Users\HB\.m2\repository\io\netty\netty-transport\4.1.97.Final\netty-transport-4.1.97.Final.jar;C:\Users\HB\.m2\repository\io\netty\netty-resolver\4.1.97.Final\netty-resolver-4.1.97.Final.jar;C:\Users\HB\.m2\repository\io\opentelemetry\opentelemetry-api\1.13.0\opentelemetry-api-1.13.0.jar;C:\Users\HB\.m2\repository\io\opentelemetry\opentelemetry-context\1.13.0\opentelemetry-context-1.13.0.jar;C:\Users\HB\.m2\repository\io\opentelemetry\opentelemetry-exporter-logging\1.13.0\opentelemetry-exporter-logging-1.13.0.jar;C:\Users\HB\.m2\repository\io\opentelemetry\opentelemetry-sdk-metrics\1.13.0-alpha\opentelemetry-sdk-metrics-1.13.0-alpha.jar;C:\Users\HB\.m2\repository\io\opentelemetry\opentelemetry-sdk-logs\1.13.0-alpha\opentelemetry-sdk-logs-1.13.0-alpha.jar;C:\Users\HB\.m2\repository\io\opentelemetry\opentelemetry-sdk-common\1.13.0\opentelemetry-sdk-common-1.13.0.jar;C:\Users\HB\.m2\repository\io\opentelemetry\opentelemetry-sdk-extension-autoconfigure-spi\1.13.0\opentelemetry-sdk-extension-autoconfigure-spi-1.13.0.jar;C:\Users\HB\.m2\repository\io\opentelemetry\opentelemetry-sdk-extension-autoconfigure\1.13.0-alpha\opentelemetry-sdk-extension-autoconfigure-1.13.0-alpha.jar;C:\Users\HB\.m2\repository\io\opentelemetry\opentelemetry-sdk-trace\1.13.0\opentelemetry-sdk-trace-1.13.0.jar;C:\Users\HB\.m2\repository\io\opentelemetry\opentelemetry-sdk\1.13.0\opentelemetry-sdk-1.13.0.jar;C:\Users\HB\.m2\repository\io\opentelemetry\opentelemetry-semconv\1.13.0-alpha\opentelemetry-semconv-1.13.0-alpha.jar;C:\Users\HB\.m2\repository\io\ous\jtoml\2.0.0\jtoml-2.0.0.jar;C:\Users\HB\.m2\repository\org\apache\commons\commons-exec\1.3\commons-exec-1.3.jar;C:\Users\HB\.m2\repository\org\asynchttpclient\async-http-client\2.12.3\async-http-client-2.12.3.jar;C:\Users\HB\.m2\repository\org\asynchttpclient\async-http-client-netty-utils\2.12.3\async-http-client-netty-utils-2.12.3.jar;C:\Users\HB\.m2\repository\io\netty\netty-codec-socks\4.1.97.Final\netty-codec-socks-4.1.97.Final.jar;C:\Users\HB\.m2\repository\io\netty\netty-handler-proxy\4.1.97.Final\netty-handler-proxy-4.1.97.Final.jar;C:\Users\HB\.m2\repository\io\netty\netty-transport-native-epoll\4.1.97.Final\netty-transport-native-epoll-4.1.97.Final-linux-x86_64.jar;C:\Users\HB\.m2\repository\io\netty\netty-transport-native-kqueue\4.1.97.Final\netty-transport-native-kqueue-4.1.97.Final-osx-x86_64.jar;C:\Users\HB\.m2\repository\org\reactivestreams\reactive-streams\1.0.4\reactive-streams-1.0.4.jar;C:\Users\HB\.m2\repository\com\typesafe\netty\netty-reactive-streams\2.0.4\netty-reactive-streams-2.0.4.jar;C:\Users\HB\.m2\repository\org\seleniumhq\selenium\selenium-http\4.1.4\selenium-http-4.1.4.jar;C:\Users\HB\.m2\repository\dev\failsafe\failsafe\3.2.3\failsafe-3.2.3.jar;C:\Users\HB\.m2\repository\org\seleniumhq\selenium\selenium-safari-driver\4.1.4\selenium-safari-driver-4.1.4.jar;C:\Users\HB\.m2\repository\org\seleniumhq\selenium\selenium-support\4.1.4\selenium-support-4.1.4.jar;C:\Users\HB\.m2\repository\org\springframework\boot\spring-boot-starter-security\2.7.15\spring-boot-starter-security-2.7.15.jar;C:\Users\HB\.m2\repository\org\springframework\spring-aop\5.3.29\spring-aop-5.3.29.jar;C:\Users\HB\.m2\repository\org\springframework\security\spring-security-config\5.7.10\spring-security-config-5.7.10.jar;C:\Users\HB\.m2\repository\org\springframework\security\spring-security-web\5.7.10\spring-security-web-5.7.10.jar;C:\Users\HB\.m2\repository\org\springframework\security\spring-security-test\5.7.10\spring-security-test-5.7.10.jar;C:\Users\HB\.m2\repository\org\springframework\security\spring-security-core\5.7.10\spring-security-core-5.7.10.jar;C:\Users\HB\.m2\repository\org\springframework\security\spring-security-crypto\5.7.10\spring-security-crypto-5.7.10.jar
Launcher Type: SUN_STANDARD

[Global flags]
     intx CICompilerCount                          = 4                                         {product} {ergonomic}
     uint ConcGCThreads                            = 2                                         {product} {ergonomic}
     uint G1ConcRefinementThreads                  = 8                                         {product} {ergonomic}
   size_t G1HeapRegionSize                         = 1048576                                   {product} {ergonomic}
    uintx GCDrainStackTargetSize                   = 64                                        {product} {ergonomic}
   size_t InitialHeapSize                          = 117440512                                 {product} {ergonomic}
   size_t MarkStackSize                            = 4194304                                   {product} {ergonomic}
   size_t MaxHeapSize                              = 1862270976                                {product} {ergonomic}
   size_t MaxNewSize                               = 1116733440                                {product} {ergonomic}
   size_t MinHeapDeltaBytes                        = 1048576                                   {product} {ergonomic}
   size_t MinHeapSize                              = 8388608                                   {product} {ergonomic}
    uintx NonNMethodCodeHeapSize                   = 5839372                                {pd product} {ergonomic}
    uintx NonProfiledCodeHeapSize                  = 122909434                              {pd product} {ergonomic}
    uintx ProfiledCodeHeapSize                     = 122909434                              {pd product} {ergonomic}
    uintx ReservedCodeCacheSize                    = 251658240                              {pd product} {ergonomic}
     bool SegmentedCodeCache                       = true                                      {product} {ergonomic}
     bool ShowCodeDetailsInExceptionMessages       = true                                   {manageable} {command line}
   size_t SoftMaxHeapSize                          = 1862270976                             {manageable} {ergonomic}
     bool UseCompressedClassPointers               = true                           {product lp64_product} {ergonomic}
     bool UseCompressedOops                        = true                           {product lp64_product} {ergonomic}
     bool UseG1GC                                  = true                                      {product} {ergonomic}
     bool UseLargePagesIndividualAllocation        = false                                  {pd product} {ergonomic}

Logging:
Log output configuration:
 #0: stdout all=warning uptime,level,tags foldmultilines=false
 #1: stderr all=off uptime,level,tags foldmultilines=false

Environment Variables:
PATH=C:/Users/HB/.p2/pool/plugins/org.eclipse.justj.openjdk.hotspot.jre.full.win32.x86_64_20.0.1.v20230425-1611/jre/bin/server;C:/Users/HB/.p2/pool/plugins/org.eclipse.justj.openjdk.hotspot.jre.full.win32.x86_64_20.0.1.v20230425-1611/jre/bin;C:\Program Files (x86)\Common Files\Oracle\Java\javapath;C:\Windows\system32;C:\Windows;C:\Windows\System32\Wbem;C:\Windows\System32\WindowsPowerShell\v1.0\;C:\Windows\System32\OpenSSH\;C:\Program Files\Git\cmd;C:\Program Files\PuTTY\;C:\Program Files\nodejs\;C:\Program Files\MySQL\MySQL Shell 8.0\bin\;C:\Users\HB\AppData\Local\Microsoft\WindowsApps;;C:\Users\HB\AppData\Local\Programs\Microsoft VS Code\bin;C:\Users\HB\AppData\Roaming\npm;C:\Windows\system32;
USERNAME=HB
OS=Windows_NT
PROCESSOR_IDENTIFIER=AMD64 Family 23 Model 24 Stepping 1, AuthenticAMD
TMP=C:\Users\HB\AppData\Local\Temp
TEMP=C:\Users\HB\AppData\Local\Temp




---------------  S Y S T E M  ---------------

OS:
 Windows 10 , 64 bit Build 19041 (10.0.19041.3155)
OS uptime: 8 days 23:19 hours

CPU: total 8 (initial active 8) (8 cores per cpu, 2 threads per core) family 23 model 24 stepping 1 microcode 0x0, cx8, cmov, fxsr, ht, mmx, 3dnowpref, sse, sse2, sse3, ssse3, sse4a, sse4.1, sse4.2, popcnt, lzcnt, tsc, tscinvbit, avx, avx2, aes, clmul, bmi1, bmi2, adx, sha, fma, vzeroupper, clflush, clflushopt, rdtscp, f16c

Memory: 4k page, system-wide physical 7103M (207M free)
TotalPageFile size 28063M (AvailPageFile size 4M)
current process WorkingSet (physical memory assigned to process): 198M, peak: 472M
current process commit charge ("private bytes"): 533M, peak: 551M

vm_info: OpenJDK 64-Bit Server VM (20.0.1+9) for windows-amd64 JRE (20.0.1+9), built on 2023-04-18T00:00:00Z by "temurin" with MS VC++ 16.10 / 16.11 (VS2019)

END.
